<?xml version="1.0" encoding="UTF-8"?>
<robot generator="Robot 3.2.2 (Python 3.7.3rc1 on darwin)" generated="20201022 10:39:22.390" rpa="false">
<suite id="s1" name="TC 001 Add Shop" source="/Users/topvalue/Desktop/AriRoot/Automated Test Add Shop/Test Case For Feature Product/TC_001_Add_Shop.robot">
<test id="s1-t1" name="TC001_Add_Product_Child">
<kw name="Open WebBrowser" library="Common_Add_Shop">
<kw name="Open Browser" library="Selenium2Library">
<doc>Opens a new browser instance to the optional ``url``.</doc>
<arguments>
<arg>${URL_Menue_Product}</arg>
<arg>${BROWSER_Chrome}</arg>
</arguments>
<msg timestamp="20201022 10:39:22.650" level="INFO">Opening browser 'Chrome' to base url 'http://staging-cm.airroot.asia/product'.</msg>
<status status="PASS" starttime="20201022 10:39:22.650" endtime="20201022 10:39:26.730"></status>
</kw>
<kw name="Sleep" library="BuiltIn">
<doc>Pauses the test executed for the given time.</doc>
<arguments>
<arg>2s</arg>
</arguments>
<msg timestamp="20201022 10:39:28.734" level="INFO">Slept 2 seconds</msg>
<status status="PASS" starttime="20201022 10:39:26.732" endtime="20201022 10:39:28.734"></status>
</kw>
<kw name="Maximize Browser Window" library="Selenium2Library">
<doc>Maximizes current browser window.</doc>
<status status="PASS" starttime="20201022 10:39:28.735" endtime="20201022 10:39:28.907"></status>
</kw>
<status status="PASS" starttime="20201022 10:39:22.649" endtime="20201022 10:39:28.908"></status>
</kw>
<kw name="Login with Email and Password" library="Common_Add_Shop">
<arguments>
<arg>${username_ariroot}</arg>
<arg>${password_airroot}</arg>
</arguments>
<kw name="Wait Until Element Is Visible" library="Selenium2Library">
<doc>Waits until the element ``locator`` is visible.</doc>
<arguments>
<arg>${locator_Username}</arg>
<arg>3s</arg>
</arguments>
<status status="PASS" starttime="20201022 10:39:28.910" endtime="20201022 10:39:28.958"></status>
</kw>
<kw name="Input Text" library="Selenium2Library">
<doc>Types the given ``text`` into the text field identified by ``locator``.</doc>
<arguments>
<arg>${locator_Username}</arg>
<arg>${username_ariroot}</arg>
</arguments>
<msg timestamp="20201022 10:39:28.959" level="INFO">Typing text 'maxnumtest12@gmail.com' into text field 'xpath=//input[@type = 'email']'.</msg>
<status status="PASS" starttime="20201022 10:39:28.958" endtime="20201022 10:39:29.187"></status>
</kw>
<kw name="Input Text" library="Selenium2Library">
<doc>Types the given ``text`` into the text field identified by ``locator``.</doc>
<arguments>
<arg>${locator_Password}</arg>
<arg>${password_airroot}</arg>
</arguments>
<msg timestamp="20201022 10:39:29.188" level="INFO">Typing text 'maxnum123' into text field 'xpath=//input[@type = 'password']'.</msg>
<status status="PASS" starttime="20201022 10:39:29.187" endtime="20201022 10:39:29.324"></status>
</kw>
<kw name="Click Element" library="Selenium2Library">
<doc>Click the element identified by ``locator``.</doc>
<arguments>
<arg>${button_login}</arg>
</arguments>
<msg timestamp="20201022 10:39:29.324" level="INFO">Clicking element 'xpath=//button[@type = 'submit']'.</msg>
<status status="PASS" starttime="20201022 10:39:29.324" endtime="20201022 10:39:29.931"></status>
</kw>
<kw name="Sleep" library="BuiltIn">
<doc>Pauses the test executed for the given time.</doc>
<arguments>
<arg>3s</arg>
</arguments>
<msg timestamp="20201022 10:39:32.932" level="INFO">Slept 3 seconds</msg>
<status status="PASS" starttime="20201022 10:39:29.931" endtime="20201022 10:39:32.932"></status>
</kw>
<kw name="Run Keyword And Return Status" library="BuiltIn">
<doc>Runs the given keyword with given arguments and returns the status as a Boolean value.</doc>
<arguments>
<arg>Wait Until Page Contains</arg>
<arg>AirRoot</arg>
<arg>3s</arg>
</arguments>
<assign>
<var>${Clicked}</var>
</assign>
<kw name="Wait Until Page Contains" library="Selenium2Library">
<doc>Waits until ``text`` appears on the current page.</doc>
<arguments>
<arg>AirRoot</arg>
<arg>3s</arg>
</arguments>
<status status="PASS" starttime="20201022 10:39:32.933" endtime="20201022 10:39:32.952"></status>
</kw>
<msg timestamp="20201022 10:39:32.953" level="INFO">${Clicked} = True</msg>
<status status="PASS" starttime="20201022 10:39:32.933" endtime="20201022 10:39:32.953"></status>
</kw>
<kw name="Run Keyword If" library="BuiltIn">
<doc>Runs the given keyword with the given arguments, if ``condition`` is true.</doc>
<arguments>
<arg>'${Clicked}' == 'True'</arg>
<arg>Log</arg>
<arg>Passed, Login Web Success.</arg>
<arg>ELSE</arg>
<arg>Fail</arg>
<arg>Failed, Login Web Not Success.</arg>
</arguments>
<kw name="Log" library="BuiltIn">
<doc>Logs the given message with the given level.</doc>
<arguments>
<arg>Passed, Login Web Success.</arg>
</arguments>
<msg timestamp="20201022 10:39:32.954" level="INFO">Passed, Login Web Success.</msg>
<status status="PASS" starttime="20201022 10:39:32.953" endtime="20201022 10:39:32.954"></status>
</kw>
<status status="PASS" starttime="20201022 10:39:32.953" endtime="20201022 10:39:32.954"></status>
</kw>
<kw name="Sleep" library="BuiltIn">
<doc>Pauses the test executed for the given time.</doc>
<arguments>
<arg>5s</arg>
</arguments>
<msg timestamp="20201022 10:39:37.955" level="INFO">Slept 5 seconds</msg>
<status status="PASS" starttime="20201022 10:39:32.954" endtime="20201022 10:39:37.956"></status>
</kw>
<status status="PASS" starttime="20201022 10:39:28.909" endtime="20201022 10:39:37.956"></status>
</kw>
<kw name="Add_Data_SKU_Product_Child" library="Common_Add_Shop">
<arguments>
<arg>@{SKU}</arg>
</arguments>
<kw name="Sleep" library="BuiltIn">
<doc>Pauses the test executed for the given time.</doc>
<arguments>
<arg>5s</arg>
</arguments>
<msg timestamp="20201022 10:39:42.961" level="INFO">Slept 5 seconds</msg>
<status status="PASS" starttime="20201022 10:39:37.958" endtime="20201022 10:39:42.961"></status>
</kw>
<kw name="Create List" library="BuiltIn">
<doc>Returns a list containing given items.</doc>
<arguments>
<arg>120007212</arg>
<arg>120009822</arg>
<arg>120011479</arg>
<arg>120013044</arg>
<arg>120013489</arg>
<arg>120017794</arg>
<arg>120017998</arg>
<arg>120018295</arg>
<arg>120018296</arg>
<arg>120018299</arg>
<arg>120018304</arg>
<arg>120019874</arg>
<arg>120021226</arg>
<arg>120021444</arg>
<arg>120022327</arg>
<arg>120022578</arg>
<arg>120022579</arg>
<arg>120022580</arg>
<arg>120022785</arg>
<arg>120022843</arg>
<arg>120023103</arg>
<arg>120023345</arg>
<arg>120023346</arg>
<arg>120023447</arg>
<arg>120023457</arg>
<arg>120023458</arg>
<arg>120023483</arg>
<arg>120023484</arg>
<arg>120023638</arg>
<arg>120023645</arg>
<arg>120023646</arg>
<arg>120023726</arg>
<arg>120023727</arg>
<arg>120023728</arg>
<arg>120023943</arg>
<arg>120023945</arg>
<arg>120024132</arg>
<arg>120024239</arg>
<arg>120024276</arg>
<arg>120024277</arg>
<arg>120024318</arg>
<arg>120024319</arg>
<arg>120024320</arg>
<arg>120024353</arg>
<arg>120024440</arg>
<arg>120024466</arg>
<arg>120024608</arg>
<arg>120024609</arg>
<arg>120024610</arg>
<arg>120024611</arg>
<arg>120024629</arg>
<arg>120024772</arg>
<arg>120024774</arg>
<arg>120024778</arg>
<arg>120024780</arg>
<arg>120024843</arg>
<arg>120024848</arg>
<arg>120024902</arg>
<arg>120024906</arg>
<arg>120024907</arg>
<arg>120024908</arg>
<arg>120024939</arg>
<arg>120024999</arg>
<arg>120025000</arg>
<arg>120025001</arg>
<arg>120025002</arg>
<arg>120025003</arg>
<arg>120025004</arg>
<arg>120025005</arg>
<arg>120025009</arg>
<arg>120025010</arg>
<arg>120025011</arg>
<arg>120025012</arg>
<arg>120025013</arg>
<arg>120025014</arg>
<arg>120025015</arg>
<arg>120025016</arg>
<arg>120025017</arg>
<arg>120025057</arg>
<arg>120025059</arg>
<arg>120025062</arg>
<arg>120025142</arg>
<arg>120025143</arg>
<arg>120025145</arg>
<arg>120025152</arg>
<arg>120025153</arg>
<arg>120025164</arg>
<arg>120025166</arg>
<arg>120025174</arg>
<arg>120025175</arg>
<arg>120025176</arg>
<arg>120025185</arg>
<arg>120025186</arg>
<arg>120025187</arg>
<arg>120025188</arg>
<arg>120025189</arg>
<arg>120025190</arg>
<arg>120025194</arg>
<arg>120025195</arg>
<arg>120025196</arg>
<arg>120025197</arg>
<arg>120025202</arg>
<arg>120025203</arg>
<arg>120025204</arg>
<arg>120025205</arg>
<arg>120025206</arg>
<arg>120025211</arg>
<arg>120025212</arg>
<arg>120025213</arg>
<arg>120025214</arg>
<arg>120025215</arg>
<arg>120025216</arg>
<arg>120025217</arg>
<arg>120025239</arg>
<arg>120025240</arg>
<arg>120025241</arg>
<arg>120025251</arg>
<arg>120025252</arg>
<arg>120025255</arg>
<arg>120025256</arg>
<arg>120025257</arg>
<arg>120025258</arg>
<arg>120025259</arg>
<arg>120025260</arg>
<arg>120025271</arg>
<arg>120025272</arg>
<arg>120025274</arg>
<arg>120025275</arg>
<arg>120025281</arg>
<arg>120025305</arg>
<arg>120025309</arg>
<arg>120025310</arg>
<arg>120025312</arg>
<arg>120025319</arg>
<arg>120025320</arg>
<arg>120025321</arg>
<arg>120025323</arg>
<arg>120025324</arg>
<arg>120025327</arg>
<arg>120025328</arg>
<arg>120025329</arg>
<arg>120025330</arg>
<arg>120025331</arg>
<arg>120025338</arg>
<arg>120025339</arg>
<arg>120025345</arg>
<arg>120025374</arg>
<arg>120025375</arg>
<arg>120025378</arg>
<arg>120025397</arg>
<arg>120025398</arg>
<arg>120025399</arg>
<arg>120025413</arg>
<arg>120025414</arg>
<arg>120025417</arg>
<arg>120025418</arg>
<arg>120025422</arg>
<arg>120025423</arg>
<arg>120025424</arg>
<arg>120025425</arg>
<arg>120025426</arg>
<arg>120025427</arg>
<arg>120025429</arg>
<arg>120025430</arg>
<arg>120025431</arg>
<arg>120025432</arg>
<arg>120025433</arg>
<arg>120025434</arg>
<arg>120025442</arg>
<arg>120025443</arg>
<arg>120025446</arg>
<arg>120025452</arg>
<arg>120025453</arg>
<arg>120025516</arg>
<arg>120025517</arg>
<arg>120025518</arg>
<arg>120025519</arg>
<arg>120025522</arg>
<arg>120025523</arg>
<arg>120025524</arg>
<arg>120025525</arg>
<arg>120025526</arg>
<arg>120025527</arg>
<arg>120025528</arg>
<arg>120025529</arg>
<arg>120025531</arg>
<arg>120025583</arg>
<arg>120025629</arg>
<arg>120025635</arg>
<arg>120025636</arg>
<arg>120025637</arg>
<arg>120025639</arg>
<arg>120025704</arg>
<arg>120025710</arg>
<arg>120025711</arg>
<arg>120025712</arg>
<arg>120025713</arg>
<arg>120025714</arg>
<arg>120025715</arg>
<arg>120025716</arg>
<arg>120025717</arg>
<arg>120025718</arg>
<arg>120025744</arg>
<arg>120025745</arg>
<arg>120025754</arg>
<arg>120025755</arg>
<arg>120025756</arg>
<arg>120025757</arg>
</arguments>
<assign>
<var>@{SKU}</var>
</assign>
<msg timestamp="20201022 10:39:42.968" level="INFO">@{SKU} = [ 120007212 | 120009822 | 120011479 | 120013044 | 120013489 | 120017794 | 120017998 | 120018295 | 120018296 | 120018299 | 120018304 | 120019874 | 120021226 | 120021444 | 120022327 | 120022578 | 120022...</msg>
<status status="PASS" starttime="20201022 10:39:42.962" endtime="20201022 10:39:42.968"></status>
</kw>
<kw name="Get Length" library="BuiltIn">
<doc>Returns and logs the length of the given item as an integer.</doc>
<arguments>
<arg>${SKU}</arg>
</arguments>
<assign>
<var>${list_length}</var>
</assign>
<msg timestamp="20201022 10:39:42.969" level="INFO">Length is 208</msg>
<msg timestamp="20201022 10:39:42.969" level="INFO">${list_length} = 208</msg>
<status status="PASS" starttime="20201022 10:39:42.968" endtime="20201022 10:39:42.969"></status>
</kw>
<kw name="Set Test Variable" library="BuiltIn">
<doc>Makes a variable available everywhere within the scope of the current test.</doc>
<arguments>
<arg>${v}</arg>
<arg>0</arg>
</arguments>
<msg timestamp="20201022 10:39:42.971" level="INFO">${v} = 0</msg>
<status status="PASS" starttime="20201022 10:39:42.969" endtime="20201022 10:39:42.971"></status>
</kw>
<kw name="${i} IN RANGE [ ${list_length} ]" type="for">
<kw name="${i} = 0" type="foritem">
<kw name="Remove String" library="String">
<doc>Removes all ``removables`` from the given ``string``.</doc>
<arguments>
<arg>${SKU[${V}]}</arg>
</arguments>
<assign>
<var>${Data_SKU}</var>
</assign>
<msg timestamp="20201022 10:39:42.973" level="INFO">${Data_SKU} = 120007212</msg>
<status status="PASS" starttime="20201022 10:39:42.972" endtime="20201022 10:39:42.973"></status>
</kw>
<kw name="Input Text" library="Selenium2Library">
<doc>Types the given ``text`` into the text field identified by ``locator``.</doc>
<arguments>
<arg>${Search}</arg>
<arg>${Data_SKU}</arg>
</arguments>
<msg timestamp="20201022 10:39:42.974" level="INFO">Typing text '120007212' into text field 'xpath=//input[@name = 'filters[sku]']'.</msg>
<status status="PASS" starttime="20201022 10:39:42.973" endtime="20201022 10:39:43.072"></status>
</kw>
<kw name="Evaluate" library="BuiltIn">
<doc>Evaluates the given expression in Python and returns the result.</doc>
<arguments>
<arg>${v}+1</arg>
</arguments>
<assign>
<var>${v}</var>
</assign>
<msg timestamp="20201022 10:39:43.074" level="INFO">${v} = 1</msg>
<status status="PASS" starttime="20201022 10:39:43.073" endtime="20201022 10:39:43.075"></status>
</kw>
<kw name="Sleep" library="BuiltIn">
<doc>Pauses the test executed for the given time.</doc>
<arguments>
<arg>2s</arg>
</arguments>
<msg timestamp="20201022 10:39:45.077" level="INFO">Slept 2 seconds</msg>
<status status="PASS" starttime="20201022 10:39:43.075" endtime="20201022 10:39:45.077"></status>
</kw>
<kw name="Click Button" library="Selenium2Library">
<doc>Clicks the button identified by ``locator``.</doc>
<arguments>
<arg>${Search_Button}</arg>
</arguments>
<msg timestamp="20201022 10:39:45.078" level="INFO">Clicking button 'xpath=//button[@type='submit']'.</msg>
<status status="PASS" starttime="20201022 10:39:45.078" endtime="20201022 10:39:45.445"></status>
</kw>
<kw name="Click Link" library="Selenium2Library">
<doc>Clicks a link identified by ``locator``.</doc>
<arguments>
<arg>${Button_Icon_Com}</arg>
</arguments>
<msg timestamp="20201022 10:39:45.445" level="INFO">Clicking link 'xpath=//a[@id='show_child_1']'.</msg>
<status status="PASS" starttime="20201022 10:39:45.445" endtime="20201022 10:39:45.836"></status>
</kw>
<kw name="Click Link" library="Selenium2Library">
<doc>Clicks a link identified by ``locator``.</doc>
<arguments>
<arg>${Button_tank}</arg>
</arguments>
<msg timestamp="20201022 10:39:45.837" level="INFO">Clicking link 'xpath=//a[@id='show_shop_1']'.</msg>
<status status="PASS" starttime="20201022 10:39:45.837" endtime="20201022 10:39:46.162"></status>
</kw>
<kw name="Sleep" library="BuiltIn">
<doc>Pauses the test executed for the given time.</doc>
<arguments>
<arg>2s</arg>
</arguments>
<msg timestamp="20201022 10:39:48.163" level="INFO">Slept 2 seconds</msg>
<status status="PASS" starttime="20201022 10:39:46.162" endtime="20201022 10:39:48.163"></status>
</kw>
<kw name="Click Link" library="Selenium2Library">
<doc>Clicks a link identified by ``locator``.</doc>
<arguments>
<arg>${Link_Add}</arg>
</arguments>
<msg timestamp="20201022 10:39:48.165" level="INFO">Clicking link 'xpath=//a[contains(@class,'btn btn-success')]'.</msg>
<status status="PASS" starttime="20201022 10:39:48.164" endtime="20201022 10:39:48.547"></status>
</kw>
<kw name="Sleep" library="BuiltIn">
<doc>Pauses the test executed for the given time.</doc>
<arguments>
<arg>2s</arg>
</arguments>
<msg timestamp="20201022 10:39:50.550" level="INFO">Slept 2 seconds</msg>
<status status="PASS" starttime="20201022 10:39:48.548" endtime="20201022 10:39:50.550"></status>
</kw>
<kw name="Select From List By Value" library="Selenium2Library">
<doc>Selects options from selection list ``locator`` by ``values``.</doc>
<arguments>
<arg>select_shop_id</arg>
<arg>1</arg>
</arguments>
<msg timestamp="20201022 10:39:50.551" level="INFO">Selecting options from selection list 'select_shop_id' by value 1.</msg>
<status status="PASS" starttime="20201022 10:39:50.551" endtime="20201022 10:39:50.632"></status>
</kw>
<kw name="Click Button" library="Selenium2Library">
<doc>Clicks the button identified by ``locator``.</doc>
<arguments>
<arg>${Button_Submit}</arg>
</arguments>
<msg timestamp="20201022 10:39:50.633" level="INFO">Clicking button 'xpath=//button[@id='productUpdateButton']'.</msg>
<status status="PASS" starttime="20201022 10:39:50.632" endtime="20201022 10:39:50.735"></status>
</kw>
<kw name="Wait Until Element Is Visible" library="Selenium2Library">
<doc>Waits until the element ``locator`` is visible.</doc>
<arguments>
<arg>${Button_Yes}</arg>
</arguments>
<status status="PASS" starttime="20201022 10:39:50.735" endtime="20201022 10:39:50.778"></status>
</kw>
<kw name="Click Element" library="Selenium2Library">
<doc>Click the element identified by ``locator``.</doc>
<arguments>
<arg>${Button_Yes}</arg>
</arguments>
<msg timestamp="20201022 10:39:50.779" level="INFO">Clicking element 'xpath=//button[@class='swal2-confirm swal2-styled']'.</msg>
<status status="PASS" starttime="20201022 10:39:50.779" endtime="20201022 10:39:54.039"></status>
</kw>
<kw name="Sleep" library="BuiltIn">
<doc>Pauses the test executed for the given time.</doc>
<arguments>
<arg>2s</arg>
</arguments>
<msg timestamp="20201022 10:39:56.040" level="INFO">Slept 2 seconds</msg>
<status status="PASS" starttime="20201022 10:39:54.039" endtime="20201022 10:39:56.041"></status>
</kw>
<kw name="Wait Until Element Is Visible" library="Selenium2Library">
<doc>Waits until the element ``locator`` is visible.</doc>
<arguments>
<arg>${Link_Product}</arg>
</arguments>
<status status="PASS" starttime="20201022 10:39:56.041" endtime="20201022 10:39:56.070"></status>
</kw>
<kw name="Click Element" library="Selenium2Library">
<doc>Click the element identified by ``locator``.</doc>
<arguments>
<arg>${Link_Product}</arg>
</arguments>
<msg timestamp="20201022 10:39:56.070" level="INFO">Clicking element 'xpath=(//a[contains(@class,'nav-link ')])[6]'.</msg>
<status status="PASS" starttime="20201022 10:39:56.070" endtime="20201022 10:39:56.483"></status>
</kw>
<kw name="Sleep" library="BuiltIn">
<doc>Pauses the test executed for the given time.</doc>
<arguments>
<arg>3s</arg>
</arguments>
<msg timestamp="20201022 10:39:59.485" level="INFO">Slept 3 seconds</msg>
<status status="PASS" starttime="20201022 10:39:56.483" endtime="20201022 10:39:59.486"></status>
</kw>
<status status="PASS" starttime="20201022 10:39:42.972" endtime="20201022 10:39:59.486"></status>
</kw>
<kw name="${i} = 1" type="foritem">
<kw name="Remove String" library="String">
<doc>Removes all ``removables`` from the given ``string``.</doc>
<arguments>
<arg>${SKU[${V}]}</arg>
</arguments>
<assign>
<var>${Data_SKU}</var>
</assign>
<msg timestamp="20201022 10:39:59.487" level="INFO">${Data_SKU} = 120009822</msg>
<status status="PASS" starttime="20201022 10:39:59.486" endtime="20201022 10:39:59.488"></status>
</kw>
<kw name="Input Text" library="Selenium2Library">
<doc>Types the given ``text`` into the text field identified by ``locator``.</doc>
<arguments>
<arg>${Search}</arg>
<arg>${Data_SKU}</arg>
</arguments>
<msg timestamp="20201022 10:39:59.488" level="INFO">Typing text '120009822' into text field 'xpath=//input[@name = 'filters[sku]']'.</msg>
<status status="PASS" starttime="20201022 10:39:59.488" endtime="20201022 10:39:59.609"></status>
</kw>
<kw name="Evaluate" library="BuiltIn">
<doc>Evaluates the given expression in Python and returns the result.</doc>
<arguments>
<arg>${v}+1</arg>
</arguments>
<assign>
<var>${v}</var>
</assign>
<msg timestamp="20201022 10:39:59.610" level="INFO">${v} = 2</msg>
<status status="PASS" starttime="20201022 10:39:59.609" endtime="20201022 10:39:59.610"></status>
</kw>
<kw name="Sleep" library="BuiltIn">
<doc>Pauses the test executed for the given time.</doc>
<arguments>
<arg>2s</arg>
</arguments>
<msg timestamp="20201022 10:40:01.611" level="INFO">Slept 2 seconds</msg>
<status status="PASS" starttime="20201022 10:39:59.610" endtime="20201022 10:40:01.611"></status>
</kw>
<kw name="Click Button" library="Selenium2Library">
<doc>Clicks the button identified by ``locator``.</doc>
<arguments>
<arg>${Search_Button}</arg>
</arguments>
<msg timestamp="20201022 10:40:01.613" level="INFO">Clicking button 'xpath=//button[@type='submit']'.</msg>
<status status="PASS" starttime="20201022 10:40:01.612" endtime="20201022 10:40:02.000"></status>
</kw>
<kw name="Click Link" library="Selenium2Library">
<doc>Clicks a link identified by ``locator``.</doc>
<arguments>
<arg>${Button_Icon_Com}</arg>
</arguments>
<msg timestamp="20201022 10:40:02.001" level="INFO">Clicking link 'xpath=//a[@id='show_child_1']'.</msg>
<status status="PASS" starttime="20201022 10:40:02.000" endtime="20201022 10:40:02.362"></status>
</kw>
<kw name="Click Link" library="Selenium2Library">
<doc>Clicks a link identified by ``locator``.</doc>
<arguments>
<arg>${Button_tank}</arg>
</arguments>
<msg timestamp="20201022 10:40:02.363" level="INFO">Clicking link 'xpath=//a[@id='show_shop_1']'.</msg>
<status status="PASS" starttime="20201022 10:40:02.363" endtime="20201022 10:40:02.813"></status>
</kw>
<kw name="Sleep" library="BuiltIn">
<doc>Pauses the test executed for the given time.</doc>
<arguments>
<arg>2s</arg>
</arguments>
<msg timestamp="20201022 10:40:04.817" level="INFO">Slept 2 seconds</msg>
<status status="PASS" starttime="20201022 10:40:02.814" endtime="20201022 10:40:04.817"></status>
</kw>
<kw name="Click Link" library="Selenium2Library">
<doc>Clicks a link identified by ``locator``.</doc>
<arguments>
<arg>${Link_Add}</arg>
</arguments>
<msg timestamp="20201022 10:40:04.818" level="INFO">Clicking link 'xpath=//a[contains(@class,'btn btn-success')]'.</msg>
<status status="PASS" starttime="20201022 10:40:04.817" endtime="20201022 10:40:05.163"></status>
</kw>
<kw name="Sleep" library="BuiltIn">
<doc>Pauses the test executed for the given time.</doc>
<arguments>
<arg>2s</arg>
</arguments>
<msg timestamp="20201022 10:40:07.167" level="INFO">Slept 2 seconds</msg>
<status status="PASS" starttime="20201022 10:40:05.164" endtime="20201022 10:40:07.167"></status>
</kw>
<kw name="Select From List By Value" library="Selenium2Library">
<doc>Selects options from selection list ``locator`` by ``values``.</doc>
<arguments>
<arg>select_shop_id</arg>
<arg>1</arg>
</arguments>
<msg timestamp="20201022 10:40:07.168" level="INFO">Selecting options from selection list 'select_shop_id' by value 1.</msg>
<status status="PASS" starttime="20201022 10:40:07.167" endtime="20201022 10:40:07.253"></status>
</kw>
<kw name="Click Button" library="Selenium2Library">
<doc>Clicks the button identified by ``locator``.</doc>
<arguments>
<arg>${Button_Submit}</arg>
</arguments>
<msg timestamp="20201022 10:40:07.256" level="INFO">Clicking button 'xpath=//button[@id='productUpdateButton']'.</msg>
<status status="PASS" starttime="20201022 10:40:07.254" endtime="20201022 10:40:07.363"></status>
</kw>
<kw name="Wait Until Element Is Visible" library="Selenium2Library">
<doc>Waits until the element ``locator`` is visible.</doc>
<arguments>
<arg>${Button_Yes}</arg>
</arguments>
<status status="PASS" starttime="20201022 10:40:07.364" endtime="20201022 10:40:07.412"></status>
</kw>
<kw name="Click Element" library="Selenium2Library">
<doc>Click the element identified by ``locator``.</doc>
<arguments>
<arg>${Button_Yes}</arg>
</arguments>
<msg timestamp="20201022 10:40:07.413" level="INFO">Clicking element 'xpath=//button[@class='swal2-confirm swal2-styled']'.</msg>
<status status="PASS" starttime="20201022 10:40:07.412" endtime="20201022 10:40:09.486"></status>
</kw>
<kw name="Sleep" library="BuiltIn">
<doc>Pauses the test executed for the given time.</doc>
<arguments>
<arg>2s</arg>
</arguments>
<msg timestamp="20201022 10:40:11.490" level="INFO">Slept 2 seconds</msg>
<status status="PASS" starttime="20201022 10:40:09.486" endtime="20201022 10:40:11.490"></status>
</kw>
<kw name="Wait Until Element Is Visible" library="Selenium2Library">
<doc>Waits until the element ``locator`` is visible.</doc>
<arguments>
<arg>${Link_Product}</arg>
</arguments>
<status status="PASS" starttime="20201022 10:40:11.491" endtime="20201022 10:40:11.522"></status>
</kw>
<kw name="Click Element" library="Selenium2Library">
<doc>Click the element identified by ``locator``.</doc>
<arguments>
<arg>${Link_Product}</arg>
</arguments>
<msg timestamp="20201022 10:40:11.522" level="INFO">Clicking element 'xpath=(//a[contains(@class,'nav-link ')])[6]'.</msg>
<status status="PASS" starttime="20201022 10:40:11.522" endtime="20201022 10:40:11.864"></status>
</kw>
<kw name="Sleep" library="BuiltIn">
<doc>Pauses the test executed for the given time.</doc>
<arguments>
<arg>3s</arg>
</arguments>
<msg timestamp="20201022 10:40:14.865" level="INFO">Slept 3 seconds</msg>
<status status="PASS" starttime="20201022 10:40:11.865" endtime="20201022 10:40:14.866"></status>
</kw>
<status status="PASS" starttime="20201022 10:39:59.486" endtime="20201022 10:40:14.866"></status>
</kw>
<kw name="${i} = 2" type="foritem">
<kw name="Remove String" library="String">
<doc>Removes all ``removables`` from the given ``string``.</doc>
<arguments>
<arg>${SKU[${V}]}</arg>
</arguments>
<assign>
<var>${Data_SKU}</var>
</assign>
<msg timestamp="20201022 10:40:14.868" level="INFO">${Data_SKU} = 120011479</msg>
<status status="PASS" starttime="20201022 10:40:14.867" endtime="20201022 10:40:14.868"></status>
</kw>
<kw name="Input Text" library="Selenium2Library">
<doc>Types the given ``text`` into the text field identified by ``locator``.</doc>
<arguments>
<arg>${Search}</arg>
<arg>${Data_SKU}</arg>
</arguments>
<msg timestamp="20201022 10:40:14.869" level="INFO">Typing text '120011479' into text field 'xpath=//input[@name = 'filters[sku]']'.</msg>
<status status="PASS" starttime="20201022 10:40:14.868" endtime="20201022 10:40:15.001"></status>
</kw>
<kw name="Evaluate" library="BuiltIn">
<doc>Evaluates the given expression in Python and returns the result.</doc>
<arguments>
<arg>${v}+1</arg>
</arguments>
<assign>
<var>${v}</var>
</assign>
<msg timestamp="20201022 10:40:15.002" level="INFO">${v} = 3</msg>
<status status="PASS" starttime="20201022 10:40:15.002" endtime="20201022 10:40:15.002"></status>
</kw>
<kw name="Sleep" library="BuiltIn">
<doc>Pauses the test executed for the given time.</doc>
<arguments>
<arg>2s</arg>
</arguments>
<msg timestamp="20201022 10:40:17.003" level="INFO">Slept 2 seconds</msg>
<status status="PASS" starttime="20201022 10:40:15.003" endtime="20201022 10:40:17.004"></status>
</kw>
<kw name="Click Button" library="Selenium2Library">
<doc>Clicks the button identified by ``locator``.</doc>
<arguments>
<arg>${Search_Button}</arg>
</arguments>
<msg timestamp="20201022 10:40:17.005" level="INFO">Clicking button 'xpath=//button[@type='submit']'.</msg>
<status status="PASS" starttime="20201022 10:40:17.005" endtime="20201022 10:40:17.360"></status>
</kw>
<kw name="Click Link" library="Selenium2Library">
<doc>Clicks a link identified by ``locator``.</doc>
<arguments>
<arg>${Button_Icon_Com}</arg>
</arguments>
<msg timestamp="20201022 10:40:17.361" level="INFO">Clicking link 'xpath=//a[@id='show_child_1']'.</msg>
<status status="PASS" starttime="20201022 10:40:17.360" endtime="20201022 10:40:17.678"></status>
</kw>
<kw name="Click Link" library="Selenium2Library">
<doc>Clicks a link identified by ``locator``.</doc>
<arguments>
<arg>${Button_tank}</arg>
</arguments>
<msg timestamp="20201022 10:40:17.679" level="INFO">Clicking link 'xpath=//a[@id='show_shop_1']'.</msg>
<status status="PASS" starttime="20201022 10:40:17.679" endtime="20201022 10:40:17.988"></status>
</kw>
<kw name="Sleep" library="BuiltIn">
<doc>Pauses the test executed for the given time.</doc>
<arguments>
<arg>2s</arg>
</arguments>
<msg timestamp="20201022 10:40:19.991" level="INFO">Slept 2 seconds</msg>
<status status="PASS" starttime="20201022 10:40:17.989" endtime="20201022 10:40:19.992"></status>
</kw>
<kw name="Click Link" library="Selenium2Library">
<doc>Clicks a link identified by ``locator``.</doc>
<arguments>
<arg>${Link_Add}</arg>
</arguments>
<msg timestamp="20201022 10:40:19.993" level="INFO">Clicking link 'xpath=//a[contains(@class,'btn btn-success')]'.</msg>
<status status="PASS" starttime="20201022 10:40:19.992" endtime="20201022 10:40:20.339"></status>
</kw>
<kw name="Sleep" library="BuiltIn">
<doc>Pauses the test executed for the given time.</doc>
<arguments>
<arg>2s</arg>
</arguments>
<msg timestamp="20201022 10:40:22.341" level="INFO">Slept 2 seconds</msg>
<status status="PASS" starttime="20201022 10:40:20.340" endtime="20201022 10:40:22.341"></status>
</kw>
<kw name="Select From List By Value" library="Selenium2Library">
<doc>Selects options from selection list ``locator`` by ``values``.</doc>
<arguments>
<arg>select_shop_id</arg>
<arg>1</arg>
</arguments>
<msg timestamp="20201022 10:40:22.342" level="INFO">Selecting options from selection list 'select_shop_id' by value 1.</msg>
<status status="PASS" starttime="20201022 10:40:22.341" endtime="20201022 10:40:22.425"></status>
</kw>
<kw name="Click Button" library="Selenium2Library">
<doc>Clicks the button identified by ``locator``.</doc>
<arguments>
<arg>${Button_Submit}</arg>
</arguments>
<msg timestamp="20201022 10:40:22.426" level="INFO">Clicking button 'xpath=//button[@id='productUpdateButton']'.</msg>
<status status="PASS" starttime="20201022 10:40:22.425" endtime="20201022 10:40:22.518"></status>
</kw>
<kw name="Wait Until Element Is Visible" library="Selenium2Library">
<doc>Waits until the element ``locator`` is visible.</doc>
<arguments>
<arg>${Button_Yes}</arg>
</arguments>
<status status="PASS" starttime="20201022 10:40:22.518" endtime="20201022 10:40:22.547"></status>
</kw>
<kw name="Click Element" library="Selenium2Library">
<doc>Click the element identified by ``locator``.</doc>
<arguments>
<arg>${Button_Yes}</arg>
</arguments>
<msg timestamp="20201022 10:40:22.548" level="INFO">Clicking element 'xpath=//button[@class='swal2-confirm swal2-styled']'.</msg>
<status status="PASS" starttime="20201022 10:40:22.547" endtime="20201022 10:40:24.308"></status>
</kw>
<kw name="Sleep" library="BuiltIn">
<doc>Pauses the test executed for the given time.</doc>
<arguments>
<arg>2s</arg>
</arguments>
<msg timestamp="20201022 10:40:26.309" level="INFO">Slept 2 seconds</msg>
<status status="PASS" starttime="20201022 10:40:24.308" endtime="20201022 10:40:26.309"></status>
</kw>
<kw name="Wait Until Element Is Visible" library="Selenium2Library">
<doc>Waits until the element ``locator`` is visible.</doc>
<arguments>
<arg>${Link_Product}</arg>
</arguments>
<status status="PASS" starttime="20201022 10:40:26.309" endtime="20201022 10:40:26.339"></status>
</kw>
<kw name="Click Element" library="Selenium2Library">
<doc>Click the element identified by ``locator``.</doc>
<arguments>
<arg>${Link_Product}</arg>
</arguments>
<msg timestamp="20201022 10:40:26.339" level="INFO">Clicking element 'xpath=(//a[contains(@class,'nav-link ')])[6]'.</msg>
<status status="PASS" starttime="20201022 10:40:26.339" endtime="20201022 10:40:26.802"></status>
</kw>
<kw name="Sleep" library="BuiltIn">
<doc>Pauses the test executed for the given time.</doc>
<arguments>
<arg>3s</arg>
</arguments>
<msg timestamp="20201022 10:40:29.804" level="INFO">Slept 3 seconds</msg>
<status status="PASS" starttime="20201022 10:40:26.802" endtime="20201022 10:40:29.805"></status>
</kw>
<status status="PASS" starttime="20201022 10:40:14.866" endtime="20201022 10:40:29.805"></status>
</kw>
<kw name="${i} = 3" type="foritem">
<kw name="Remove String" library="String">
<doc>Removes all ``removables`` from the given ``string``.</doc>
<arguments>
<arg>${SKU[${V}]}</arg>
</arguments>
<assign>
<var>${Data_SKU}</var>
</assign>
<msg timestamp="20201022 10:40:29.806" level="INFO">${Data_SKU} = 120013044</msg>
<status status="PASS" starttime="20201022 10:40:29.805" endtime="20201022 10:40:29.806"></status>
</kw>
<kw name="Input Text" library="Selenium2Library">
<doc>Types the given ``text`` into the text field identified by ``locator``.</doc>
<arguments>
<arg>${Search}</arg>
<arg>${Data_SKU}</arg>
</arguments>
<msg timestamp="20201022 10:40:29.807" level="INFO">Typing text '120013044' into text field 'xpath=//input[@name = 'filters[sku]']'.</msg>
<status status="PASS" starttime="20201022 10:40:29.806" endtime="20201022 10:40:29.924"></status>
</kw>
<kw name="Evaluate" library="BuiltIn">
<doc>Evaluates the given expression in Python and returns the result.</doc>
<arguments>
<arg>${v}+1</arg>
</arguments>
<assign>
<var>${v}</var>
</assign>
<msg timestamp="20201022 10:40:29.925" level="INFO">${v} = 4</msg>
<status status="PASS" starttime="20201022 10:40:29.925" endtime="20201022 10:40:29.925"></status>
</kw>
<kw name="Sleep" library="BuiltIn">
<doc>Pauses the test executed for the given time.</doc>
<arguments>
<arg>2s</arg>
</arguments>
<msg timestamp="20201022 10:40:31.927" level="INFO">Slept 2 seconds</msg>
<status status="PASS" starttime="20201022 10:40:29.925" endtime="20201022 10:40:31.927"></status>
</kw>
<kw name="Click Button" library="Selenium2Library">
<doc>Clicks the button identified by ``locator``.</doc>
<arguments>
<arg>${Search_Button}</arg>
</arguments>
<msg timestamp="20201022 10:40:31.929" level="INFO">Clicking button 'xpath=//button[@type='submit']'.</msg>
<status status="PASS" starttime="20201022 10:40:31.928" endtime="20201022 10:40:32.268"></status>
</kw>
<kw name="Click Link" library="Selenium2Library">
<doc>Clicks a link identified by ``locator``.</doc>
<arguments>
<arg>${Button_Icon_Com}</arg>
</arguments>
<msg timestamp="20201022 10:40:32.268" level="INFO">Clicking link 'xpath=//a[@id='show_child_1']'.</msg>
<status status="PASS" starttime="20201022 10:40:32.268" endtime="20201022 10:40:32.578"></status>
</kw>
<kw name="Click Link" library="Selenium2Library">
<doc>Clicks a link identified by ``locator``.</doc>
<arguments>
<arg>${Button_tank}</arg>
</arguments>
<msg timestamp="20201022 10:40:32.580" level="INFO">Clicking link 'xpath=//a[@id='show_shop_1']'.</msg>
<status status="PASS" starttime="20201022 10:40:32.579" endtime="20201022 10:40:32.896"></status>
</kw>
<kw name="Sleep" library="BuiltIn">
<doc>Pauses the test executed for the given time.</doc>
<arguments>
<arg>2s</arg>
</arguments>
<msg timestamp="20201022 10:40:34.899" level="INFO">Slept 2 seconds</msg>
<status status="PASS" starttime="20201022 10:40:32.896" endtime="20201022 10:40:34.899"></status>
</kw>
<kw name="Click Link" library="Selenium2Library">
<doc>Clicks a link identified by ``locator``.</doc>
<arguments>
<arg>${Link_Add}</arg>
</arguments>
<msg timestamp="20201022 10:40:34.900" level="INFO">Clicking link 'xpath=//a[contains(@class,'btn btn-success')]'.</msg>
<status status="PASS" starttime="20201022 10:40:34.900" endtime="20201022 10:40:35.324"></status>
</kw>
<kw name="Sleep" library="BuiltIn">
<doc>Pauses the test executed for the given time.</doc>
<arguments>
<arg>2s</arg>
</arguments>
<msg timestamp="20201022 10:40:37.330" level="INFO">Slept 2 seconds</msg>
<status status="PASS" starttime="20201022 10:40:35.325" endtime="20201022 10:40:37.330"></status>
</kw>
<kw name="Select From List By Value" library="Selenium2Library">
<doc>Selects options from selection list ``locator`` by ``values``.</doc>
<arguments>
<arg>select_shop_id</arg>
<arg>1</arg>
</arguments>
<msg timestamp="20201022 10:40:37.331" level="INFO">Selecting options from selection list 'select_shop_id' by value 1.</msg>
<status status="PASS" starttime="20201022 10:40:37.330" endtime="20201022 10:40:37.424"></status>
</kw>
<kw name="Click Button" library="Selenium2Library">
<doc>Clicks the button identified by ``locator``.</doc>
<arguments>
<arg>${Button_Submit}</arg>
</arguments>
<msg timestamp="20201022 10:40:37.425" level="INFO">Clicking button 'xpath=//button[@id='productUpdateButton']'.</msg>
<status status="PASS" starttime="20201022 10:40:37.424" endtime="20201022 10:40:37.517"></status>
</kw>
<kw name="Wait Until Element Is Visible" library="Selenium2Library">
<doc>Waits until the element ``locator`` is visible.</doc>
<arguments>
<arg>${Button_Yes}</arg>
</arguments>
<status status="PASS" starttime="20201022 10:40:37.518" endtime="20201022 10:40:37.557"></status>
</kw>
<kw name="Click Element" library="Selenium2Library">
<doc>Click the element identified by ``locator``.</doc>
<arguments>
<arg>${Button_Yes}</arg>
</arguments>
<msg timestamp="20201022 10:40:37.559" level="INFO">Clicking element 'xpath=//button[@class='swal2-confirm swal2-styled']'.</msg>
<status status="PASS" starttime="20201022 10:40:37.558" endtime="20201022 10:40:39.498"></status>
</kw>
<kw name="Sleep" library="BuiltIn">
<doc>Pauses the test executed for the given time.</doc>
<arguments>
<arg>2s</arg>
</arguments>
<msg timestamp="20201022 10:40:41.500" level="INFO">Slept 2 seconds</msg>
<status status="PASS" starttime="20201022 10:40:39.498" endtime="20201022 10:40:41.501"></status>
</kw>
<kw name="Wait Until Element Is Visible" library="Selenium2Library">
<doc>Waits until the element ``locator`` is visible.</doc>
<arguments>
<arg>${Link_Product}</arg>
</arguments>
<status status="PASS" starttime="20201022 10:40:41.501" endtime="20201022 10:40:41.536"></status>
</kw>
<kw name="Click Element" library="Selenium2Library">
<doc>Click the element identified by ``locator``.</doc>
<arguments>
<arg>${Link_Product}</arg>
</arguments>
<msg timestamp="20201022 10:40:41.537" level="INFO">Clicking element 'xpath=(//a[contains(@class,'nav-link ')])[6]'.</msg>
<status status="PASS" starttime="20201022 10:40:41.537" endtime="20201022 10:40:41.918"></status>
</kw>
<kw name="Sleep" library="BuiltIn">
<doc>Pauses the test executed for the given time.</doc>
<arguments>
<arg>3s</arg>
</arguments>
<msg timestamp="20201022 10:40:44.919" level="INFO">Slept 3 seconds</msg>
<status status="PASS" starttime="20201022 10:40:41.918" endtime="20201022 10:40:44.919"></status>
</kw>
<status status="PASS" starttime="20201022 10:40:29.805" endtime="20201022 10:40:44.919"></status>
</kw>
<kw name="${i} = 4" type="foritem">
<kw name="Remove String" library="String">
<doc>Removes all ``removables`` from the given ``string``.</doc>
<arguments>
<arg>${SKU[${V}]}</arg>
</arguments>
<assign>
<var>${Data_SKU}</var>
</assign>
<msg timestamp="20201022 10:40:44.921" level="INFO">${Data_SKU} = 120013489</msg>
<status status="PASS" starttime="20201022 10:40:44.920" endtime="20201022 10:40:44.921"></status>
</kw>
<kw name="Input Text" library="Selenium2Library">
<doc>Types the given ``text`` into the text field identified by ``locator``.</doc>
<arguments>
<arg>${Search}</arg>
<arg>${Data_SKU}</arg>
</arguments>
<msg timestamp="20201022 10:40:44.922" level="INFO">Typing text '120013489' into text field 'xpath=//input[@name = 'filters[sku]']'.</msg>
<status status="PASS" starttime="20201022 10:40:44.921" endtime="20201022 10:40:45.044"></status>
</kw>
<kw name="Evaluate" library="BuiltIn">
<doc>Evaluates the given expression in Python and returns the result.</doc>
<arguments>
<arg>${v}+1</arg>
</arguments>
<assign>
<var>${v}</var>
</assign>
<msg timestamp="20201022 10:40:45.046" level="INFO">${v} = 5</msg>
<status status="PASS" starttime="20201022 10:40:45.045" endtime="20201022 10:40:45.046"></status>
</kw>
<kw name="Sleep" library="BuiltIn">
<doc>Pauses the test executed for the given time.</doc>
<arguments>
<arg>2s</arg>
</arguments>
<msg timestamp="20201022 10:40:47.047" level="INFO">Slept 2 seconds</msg>
<status status="PASS" starttime="20201022 10:40:45.046" endtime="20201022 10:40:47.048"></status>
</kw>
<kw name="Click Button" library="Selenium2Library">
<doc>Clicks the button identified by ``locator``.</doc>
<arguments>
<arg>${Search_Button}</arg>
</arguments>
<msg timestamp="20201022 10:40:47.049" level="INFO">Clicking button 'xpath=//button[@type='submit']'.</msg>
<status status="PASS" starttime="20201022 10:40:47.048" endtime="20201022 10:40:47.486"></status>
</kw>
<kw name="Click Link" library="Selenium2Library">
<doc>Clicks a link identified by ``locator``.</doc>
<arguments>
<arg>${Button_Icon_Com}</arg>
</arguments>
<msg timestamp="20201022 10:40:47.487" level="INFO">Clicking link 'xpath=//a[@id='show_child_1']'.</msg>
<status status="PASS" starttime="20201022 10:40:47.487" endtime="20201022 10:40:47.866"></status>
</kw>
<kw name="Click Link" library="Selenium2Library">
<doc>Clicks a link identified by ``locator``.</doc>
<arguments>
<arg>${Button_tank}</arg>
</arguments>
<msg timestamp="20201022 10:40:47.867" level="INFO">Clicking link 'xpath=//a[@id='show_shop_1']'.</msg>
<status status="PASS" starttime="20201022 10:40:47.867" endtime="20201022 10:40:48.195"></status>
</kw>
<kw name="Sleep" library="BuiltIn">
<doc>Pauses the test executed for the given time.</doc>
<arguments>
<arg>2s</arg>
</arguments>
<msg timestamp="20201022 10:40:50.197" level="INFO">Slept 2 seconds</msg>
<status status="PASS" starttime="20201022 10:40:48.196" endtime="20201022 10:40:50.197"></status>
</kw>
<kw name="Click Link" library="Selenium2Library">
<doc>Clicks a link identified by ``locator``.</doc>
<arguments>
<arg>${Link_Add}</arg>
</arguments>
<msg timestamp="20201022 10:40:50.198" level="INFO">Clicking link 'xpath=//a[contains(@class,'btn btn-success')]'.</msg>
<status status="PASS" starttime="20201022 10:40:50.197" endtime="20201022 10:40:50.558"></status>
</kw>
<kw name="Sleep" library="BuiltIn">
<doc>Pauses the test executed for the given time.</doc>
<arguments>
<arg>2s</arg>
</arguments>
<msg timestamp="20201022 10:40:52.561" level="INFO">Slept 2 seconds</msg>
<status status="PASS" starttime="20201022 10:40:50.558" endtime="20201022 10:40:52.561"></status>
</kw>
<kw name="Select From List By Value" library="Selenium2Library">
<doc>Selects options from selection list ``locator`` by ``values``.</doc>
<arguments>
<arg>select_shop_id</arg>
<arg>1</arg>
</arguments>
<msg timestamp="20201022 10:40:52.562" level="INFO">Selecting options from selection list 'select_shop_id' by value 1.</msg>
<status status="PASS" starttime="20201022 10:40:52.562" endtime="20201022 10:40:52.643"></status>
</kw>
<kw name="Click Button" library="Selenium2Library">
<doc>Clicks the button identified by ``locator``.</doc>
<arguments>
<arg>${Button_Submit}</arg>
</arguments>
<msg timestamp="20201022 10:40:52.643" level="INFO">Clicking button 'xpath=//button[@id='productUpdateButton']'.</msg>
<status status="PASS" starttime="20201022 10:40:52.643" endtime="20201022 10:40:52.742"></status>
</kw>
<kw name="Wait Until Element Is Visible" library="Selenium2Library">
<doc>Waits until the element ``locator`` is visible.</doc>
<arguments>
<arg>${Button_Yes}</arg>
</arguments>
<status status="PASS" starttime="20201022 10:40:52.743" endtime="20201022 10:40:52.779"></status>
</kw>
<kw name="Click Element" library="Selenium2Library">
<doc>Click the element identified by ``locator``.</doc>
<arguments>
<arg>${Button_Yes}</arg>
</arguments>
<msg timestamp="20201022 10:40:52.781" level="INFO">Clicking element 'xpath=//button[@class='swal2-confirm swal2-styled']'.</msg>
<status status="PASS" starttime="20201022 10:40:52.779" endtime="20201022 10:40:54.776"></status>
</kw>
<kw name="Sleep" library="BuiltIn">
<doc>Pauses the test executed for the given time.</doc>
<arguments>
<arg>2s</arg>
</arguments>
<msg timestamp="20201022 10:40:56.778" level="INFO">Slept 2 seconds</msg>
<status status="PASS" starttime="20201022 10:40:54.776" endtime="20201022 10:40:56.778"></status>
</kw>
<kw name="Wait Until Element Is Visible" library="Selenium2Library">
<doc>Waits until the element ``locator`` is visible.</doc>
<arguments>
<arg>${Link_Product}</arg>
</arguments>
<status status="PASS" starttime="20201022 10:40:56.778" endtime="20201022 10:40:56.807"></status>
</kw>
<kw name="Click Element" library="Selenium2Library">
<doc>Click the element identified by ``locator``.</doc>
<arguments>
<arg>${Link_Product}</arg>
</arguments>
<msg timestamp="20201022 10:40:56.808" level="INFO">Clicking element 'xpath=(//a[contains(@class,'nav-link ')])[6]'.</msg>
<status status="PASS" starttime="20201022 10:40:56.807" endtime="20201022 10:40:57.162"></status>
</kw>
<kw name="Sleep" library="BuiltIn">
<doc>Pauses the test executed for the given time.</doc>
<arguments>
<arg>3s</arg>
</arguments>
<msg timestamp="20201022 10:41:00.164" level="INFO">Slept 3 seconds</msg>
<status status="PASS" starttime="20201022 10:40:57.163" endtime="20201022 10:41:00.164"></status>
</kw>
<status status="PASS" starttime="20201022 10:40:44.920" endtime="20201022 10:41:00.164"></status>
</kw>
<kw name="${i} = 5" type="foritem">
<kw name="Remove String" library="String">
<doc>Removes all ``removables`` from the given ``string``.</doc>
<arguments>
<arg>${SKU[${V}]}</arg>
</arguments>
<assign>
<var>${Data_SKU}</var>
</assign>
<msg timestamp="20201022 10:41:00.166" level="INFO">${Data_SKU} = 120017794</msg>
<status status="PASS" starttime="20201022 10:41:00.165" endtime="20201022 10:41:00.166"></status>
</kw>
<kw name="Input Text" library="Selenium2Library">
<doc>Types the given ``text`` into the text field identified by ``locator``.</doc>
<arguments>
<arg>${Search}</arg>
<arg>${Data_SKU}</arg>
</arguments>
<msg timestamp="20201022 10:41:00.167" level="INFO">Typing text '120017794' into text field 'xpath=//input[@name = 'filters[sku]']'.</msg>
<status status="PASS" starttime="20201022 10:41:00.166" endtime="20201022 10:41:00.279"></status>
</kw>
<kw name="Evaluate" library="BuiltIn">
<doc>Evaluates the given expression in Python and returns the result.</doc>
<arguments>
<arg>${v}+1</arg>
</arguments>
<assign>
<var>${v}</var>
</assign>
<msg timestamp="20201022 10:41:00.280" level="INFO">${v} = 6</msg>
<status status="PASS" starttime="20201022 10:41:00.279" endtime="20201022 10:41:00.280"></status>
</kw>
<kw name="Sleep" library="BuiltIn">
<doc>Pauses the test executed for the given time.</doc>
<arguments>
<arg>2s</arg>
</arguments>
<msg timestamp="20201022 10:41:02.282" level="INFO">Slept 2 seconds</msg>
<status status="PASS" starttime="20201022 10:41:00.281" endtime="20201022 10:41:02.283"></status>
</kw>
<kw name="Click Button" library="Selenium2Library">
<doc>Clicks the button identified by ``locator``.</doc>
<arguments>
<arg>${Search_Button}</arg>
</arguments>
<msg timestamp="20201022 10:41:02.284" level="INFO">Clicking button 'xpath=//button[@type='submit']'.</msg>
<status status="PASS" starttime="20201022 10:41:02.283" endtime="20201022 10:41:02.620"></status>
</kw>
<kw name="Click Link" library="Selenium2Library">
<doc>Clicks a link identified by ``locator``.</doc>
<arguments>
<arg>${Button_Icon_Com}</arg>
</arguments>
<msg timestamp="20201022 10:41:02.621" level="INFO">Clicking link 'xpath=//a[@id='show_child_1']'.</msg>
<status status="PASS" starttime="20201022 10:41:02.620" endtime="20201022 10:41:02.961"></status>
</kw>
<kw name="Click Link" library="Selenium2Library">
<doc>Clicks a link identified by ``locator``.</doc>
<arguments>
<arg>${Button_tank}</arg>
</arguments>
<msg timestamp="20201022 10:41:02.963" level="INFO">Clicking link 'xpath=//a[@id='show_shop_1']'.</msg>
<status status="PASS" starttime="20201022 10:41:02.962" endtime="20201022 10:41:03.274"></status>
</kw>
<kw name="Sleep" library="BuiltIn">
<doc>Pauses the test executed for the given time.</doc>
<arguments>
<arg>2s</arg>
</arguments>
<msg timestamp="20201022 10:41:05.279" level="INFO">Slept 2 seconds</msg>
<status status="PASS" starttime="20201022 10:41:03.275" endtime="20201022 10:41:05.279"></status>
</kw>
<kw name="Click Link" library="Selenium2Library">
<doc>Clicks a link identified by ``locator``.</doc>
<arguments>
<arg>${Link_Add}</arg>
</arguments>
<msg timestamp="20201022 10:41:05.280" level="INFO">Clicking link 'xpath=//a[contains(@class,'btn btn-success')]'.</msg>
<status status="PASS" starttime="20201022 10:41:05.280" endtime="20201022 10:41:05.634"></status>
</kw>
<kw name="Sleep" library="BuiltIn">
<doc>Pauses the test executed for the given time.</doc>
<arguments>
<arg>2s</arg>
</arguments>
<msg timestamp="20201022 10:41:07.637" level="INFO">Slept 2 seconds</msg>
<status status="PASS" starttime="20201022 10:41:05.634" endtime="20201022 10:41:07.637"></status>
</kw>
<kw name="Select From List By Value" library="Selenium2Library">
<doc>Selects options from selection list ``locator`` by ``values``.</doc>
<arguments>
<arg>select_shop_id</arg>
<arg>1</arg>
</arguments>
<msg timestamp="20201022 10:41:07.638" level="INFO">Selecting options from selection list 'select_shop_id' by value 1.</msg>
<status status="PASS" starttime="20201022 10:41:07.638" endtime="20201022 10:41:07.726"></status>
</kw>
<kw name="Click Button" library="Selenium2Library">
<doc>Clicks the button identified by ``locator``.</doc>
<arguments>
<arg>${Button_Submit}</arg>
</arguments>
<msg timestamp="20201022 10:41:07.727" level="INFO">Clicking button 'xpath=//button[@id='productUpdateButton']'.</msg>
<status status="PASS" starttime="20201022 10:41:07.726" endtime="20201022 10:41:07.824"></status>
</kw>
<kw name="Wait Until Element Is Visible" library="Selenium2Library">
<doc>Waits until the element ``locator`` is visible.</doc>
<arguments>
<arg>${Button_Yes}</arg>
</arguments>
<status status="PASS" starttime="20201022 10:41:07.825" endtime="20201022 10:41:07.858"></status>
</kw>
<kw name="Click Element" library="Selenium2Library">
<doc>Click the element identified by ``locator``.</doc>
<arguments>
<arg>${Button_Yes}</arg>
</arguments>
<msg timestamp="20201022 10:41:07.859" level="INFO">Clicking element 'xpath=//button[@class='swal2-confirm swal2-styled']'.</msg>
<status status="PASS" starttime="20201022 10:41:07.858" endtime="20201022 10:41:10.212"></status>
</kw>
<kw name="Sleep" library="BuiltIn">
<doc>Pauses the test executed for the given time.</doc>
<arguments>
<arg>2s</arg>
</arguments>
<msg timestamp="20201022 10:41:12.215" level="INFO">Slept 2 seconds</msg>
<status status="PASS" starttime="20201022 10:41:10.212" endtime="20201022 10:41:12.215"></status>
</kw>
<kw name="Wait Until Element Is Visible" library="Selenium2Library">
<doc>Waits until the element ``locator`` is visible.</doc>
<arguments>
<arg>${Link_Product}</arg>
</arguments>
<status status="PASS" starttime="20201022 10:41:12.215" endtime="20201022 10:41:12.246"></status>
</kw>
<kw name="Click Element" library="Selenium2Library">
<doc>Click the element identified by ``locator``.</doc>
<arguments>
<arg>${Link_Product}</arg>
</arguments>
<msg timestamp="20201022 10:41:12.247" level="INFO">Clicking element 'xpath=(//a[contains(@class,'nav-link ')])[6]'.</msg>
<status status="PASS" starttime="20201022 10:41:12.247" endtime="20201022 10:41:12.739"></status>
</kw>
<kw name="Sleep" library="BuiltIn">
<doc>Pauses the test executed for the given time.</doc>
<arguments>
<arg>3s</arg>
</arguments>
<msg timestamp="20201022 10:41:15.742" level="INFO">Slept 3 seconds</msg>
<status status="PASS" starttime="20201022 10:41:12.739" endtime="20201022 10:41:15.742"></status>
</kw>
<status status="PASS" starttime="20201022 10:41:00.164" endtime="20201022 10:41:15.742"></status>
</kw>
<kw name="${i} = 6" type="foritem">
<kw name="Remove String" library="String">
<doc>Removes all ``removables`` from the given ``string``.</doc>
<arguments>
<arg>${SKU[${V}]}</arg>
</arguments>
<assign>
<var>${Data_SKU}</var>
</assign>
<msg timestamp="20201022 10:41:15.744" level="INFO">${Data_SKU} = 120017998</msg>
<status status="PASS" starttime="20201022 10:41:15.743" endtime="20201022 10:41:15.744"></status>
</kw>
<kw name="Input Text" library="Selenium2Library">
<doc>Types the given ``text`` into the text field identified by ``locator``.</doc>
<arguments>
<arg>${Search}</arg>
<arg>${Data_SKU}</arg>
</arguments>
<msg timestamp="20201022 10:41:15.745" level="INFO">Typing text '120017998' into text field 'xpath=//input[@name = 'filters[sku]']'.</msg>
<status status="PASS" starttime="20201022 10:41:15.744" endtime="20201022 10:41:15.869"></status>
</kw>
<kw name="Evaluate" library="BuiltIn">
<doc>Evaluates the given expression in Python and returns the result.</doc>
<arguments>
<arg>${v}+1</arg>
</arguments>
<assign>
<var>${v}</var>
</assign>
<msg timestamp="20201022 10:41:15.870" level="INFO">${v} = 7</msg>
<status status="PASS" starttime="20201022 10:41:15.869" endtime="20201022 10:41:15.870"></status>
</kw>
<kw name="Sleep" library="BuiltIn">
<doc>Pauses the test executed for the given time.</doc>
<arguments>
<arg>2s</arg>
</arguments>
<msg timestamp="20201022 10:41:17.872" level="INFO">Slept 2 seconds</msg>
<status status="PASS" starttime="20201022 10:41:15.871" endtime="20201022 10:41:17.872"></status>
</kw>
<kw name="Click Button" library="Selenium2Library">
<doc>Clicks the button identified by ``locator``.</doc>
<arguments>
<arg>${Search_Button}</arg>
</arguments>
<msg timestamp="20201022 10:41:17.873" level="INFO">Clicking button 'xpath=//button[@type='submit']'.</msg>
<status status="PASS" starttime="20201022 10:41:17.872" endtime="20201022 10:41:18.211"></status>
</kw>
<kw name="Click Link" library="Selenium2Library">
<doc>Clicks a link identified by ``locator``.</doc>
<arguments>
<arg>${Button_Icon_Com}</arg>
</arguments>
<msg timestamp="20201022 10:41:18.212" level="INFO">Clicking link 'xpath=//a[@id='show_child_1']'.</msg>
<status status="PASS" starttime="20201022 10:41:18.211" endtime="20201022 10:41:18.547"></status>
</kw>
<kw name="Click Link" library="Selenium2Library">
<doc>Clicks a link identified by ``locator``.</doc>
<arguments>
<arg>${Button_tank}</arg>
</arguments>
<msg timestamp="20201022 10:41:18.548" level="INFO">Clicking link 'xpath=//a[@id='show_shop_1']'.</msg>
<status status="PASS" starttime="20201022 10:41:18.547" endtime="20201022 10:41:18.876"></status>
</kw>
<kw name="Sleep" library="BuiltIn">
<doc>Pauses the test executed for the given time.</doc>
<arguments>
<arg>2s</arg>
</arguments>
<msg timestamp="20201022 10:41:20.879" level="INFO">Slept 2 seconds</msg>
<status status="PASS" starttime="20201022 10:41:18.877" endtime="20201022 10:41:20.879"></status>
</kw>
<kw name="Click Link" library="Selenium2Library">
<doc>Clicks a link identified by ``locator``.</doc>
<arguments>
<arg>${Link_Add}</arg>
</arguments>
<msg timestamp="20201022 10:41:20.886" level="INFO">Clicking link 'xpath=//a[contains(@class,'btn btn-success')]'.</msg>
<status status="PASS" starttime="20201022 10:41:20.881" endtime="20201022 10:41:21.743"></status>
</kw>
<kw name="Sleep" library="BuiltIn">
<doc>Pauses the test executed for the given time.</doc>
<arguments>
<arg>2s</arg>
</arguments>
<msg timestamp="20201022 10:41:23.745" level="INFO">Slept 2 seconds</msg>
<status status="PASS" starttime="20201022 10:41:21.744" endtime="20201022 10:41:23.746"></status>
</kw>
<kw name="Select From List By Value" library="Selenium2Library">
<doc>Selects options from selection list ``locator`` by ``values``.</doc>
<arguments>
<arg>select_shop_id</arg>
<arg>1</arg>
</arguments>
<msg timestamp="20201022 10:41:23.747" level="INFO">Selecting options from selection list 'select_shop_id' by value 1.</msg>
<status status="PASS" starttime="20201022 10:41:23.746" endtime="20201022 10:41:23.874"></status>
</kw>
<kw name="Click Button" library="Selenium2Library">
<doc>Clicks the button identified by ``locator``.</doc>
<arguments>
<arg>${Button_Submit}</arg>
</arguments>
<msg timestamp="20201022 10:41:23.875" level="INFO">Clicking button 'xpath=//button[@id='productUpdateButton']'.</msg>
<status status="PASS" starttime="20201022 10:41:23.875" endtime="20201022 10:41:24.050"></status>
</kw>
<kw name="Wait Until Element Is Visible" library="Selenium2Library">
<doc>Waits until the element ``locator`` is visible.</doc>
<arguments>
<arg>${Button_Yes}</arg>
</arguments>
<status status="PASS" starttime="20201022 10:41:24.050" endtime="20201022 10:41:24.173"></status>
</kw>
<kw name="Click Element" library="Selenium2Library">
<doc>Click the element identified by ``locator``.</doc>
<arguments>
<arg>${Button_Yes}</arg>
</arguments>
<msg timestamp="20201022 10:41:24.175" level="INFO">Clicking element 'xpath=//button[@class='swal2-confirm swal2-styled']'.</msg>
<status status="PASS" starttime="20201022 10:41:24.174" endtime="20201022 10:41:28.172"></status>
</kw>
<kw name="Sleep" library="BuiltIn">
<doc>Pauses the test executed for the given time.</doc>
<arguments>
<arg>2s</arg>
</arguments>
<msg timestamp="20201022 10:41:30.174" level="INFO">Slept 2 seconds</msg>
<status status="PASS" starttime="20201022 10:41:28.172" endtime="20201022 10:41:30.174"></status>
</kw>
<kw name="Wait Until Element Is Visible" library="Selenium2Library">
<doc>Waits until the element ``locator`` is visible.</doc>
<arguments>
<arg>${Link_Product}</arg>
</arguments>
<status status="PASS" starttime="20201022 10:41:30.175" endtime="20201022 10:41:30.205"></status>
</kw>
<kw name="Click Element" library="Selenium2Library">
<doc>Click the element identified by ``locator``.</doc>
<arguments>
<arg>${Link_Product}</arg>
</arguments>
<msg timestamp="20201022 10:41:30.206" level="INFO">Clicking element 'xpath=(//a[contains(@class,'nav-link ')])[6]'.</msg>
<status status="PASS" starttime="20201022 10:41:30.206" endtime="20201022 10:41:30.688"></status>
</kw>
<kw name="Sleep" library="BuiltIn">
<doc>Pauses the test executed for the given time.</doc>
<arguments>
<arg>3s</arg>
</arguments>
<msg timestamp="20201022 10:41:33.689" level="INFO">Slept 3 seconds</msg>
<status status="PASS" starttime="20201022 10:41:30.689" endtime="20201022 10:41:33.690"></status>
</kw>
<status status="PASS" starttime="20201022 10:41:15.742" endtime="20201022 10:41:33.690"></status>
</kw>
<kw name="${i} = 7" type="foritem">
<kw name="Remove String" library="String">
<doc>Removes all ``removables`` from the given ``string``.</doc>
<arguments>
<arg>${SKU[${V}]}</arg>
</arguments>
<assign>
<var>${Data_SKU}</var>
</assign>
<msg timestamp="20201022 10:41:33.691" level="INFO">${Data_SKU} = 120018295</msg>
<status status="PASS" starttime="20201022 10:41:33.691" endtime="20201022 10:41:33.692"></status>
</kw>
<kw name="Input Text" library="Selenium2Library">
<doc>Types the given ``text`` into the text field identified by ``locator``.</doc>
<arguments>
<arg>${Search}</arg>
<arg>${Data_SKU}</arg>
</arguments>
<msg timestamp="20201022 10:41:33.693" level="INFO">Typing text '120018295' into text field 'xpath=//input[@name = 'filters[sku]']'.</msg>
<status status="PASS" starttime="20201022 10:41:33.692" endtime="20201022 10:41:33.837"></status>
</kw>
<kw name="Evaluate" library="BuiltIn">
<doc>Evaluates the given expression in Python and returns the result.</doc>
<arguments>
<arg>${v}+1</arg>
</arguments>
<assign>
<var>${v}</var>
</assign>
<msg timestamp="20201022 10:41:33.839" level="INFO">${v} = 8</msg>
<status status="PASS" starttime="20201022 10:41:33.838" endtime="20201022 10:41:33.840"></status>
</kw>
<kw name="Sleep" library="BuiltIn">
<doc>Pauses the test executed for the given time.</doc>
<arguments>
<arg>2s</arg>
</arguments>
<msg timestamp="20201022 10:41:35.844" level="INFO">Slept 2 seconds</msg>
<status status="PASS" starttime="20201022 10:41:33.840" endtime="20201022 10:41:35.845"></status>
</kw>
<kw name="Click Button" library="Selenium2Library">
<doc>Clicks the button identified by ``locator``.</doc>
<arguments>
<arg>${Search_Button}</arg>
</arguments>
<msg timestamp="20201022 10:41:35.846" level="INFO">Clicking button 'xpath=//button[@type='submit']'.</msg>
<status status="PASS" starttime="20201022 10:41:35.845" endtime="20201022 10:41:36.379"></status>
</kw>
<kw name="Click Link" library="Selenium2Library">
<doc>Clicks a link identified by ``locator``.</doc>
<arguments>
<arg>${Button_Icon_Com}</arg>
</arguments>
<msg timestamp="20201022 10:41:36.380" level="INFO">Clicking link 'xpath=//a[@id='show_child_1']'.</msg>
<status status="PASS" starttime="20201022 10:41:36.380" endtime="20201022 10:41:36.748"></status>
</kw>
<kw name="Click Link" library="Selenium2Library">
<doc>Clicks a link identified by ``locator``.</doc>
<arguments>
<arg>${Button_tank}</arg>
</arguments>
<msg timestamp="20201022 10:41:36.749" level="INFO">Clicking link 'xpath=//a[@id='show_shop_1']'.</msg>
<status status="PASS" starttime="20201022 10:41:36.748" endtime="20201022 10:41:37.085"></status>
</kw>
<kw name="Sleep" library="BuiltIn">
<doc>Pauses the test executed for the given time.</doc>
<arguments>
<arg>2s</arg>
</arguments>
<msg timestamp="20201022 10:41:39.086" level="INFO">Slept 2 seconds</msg>
<status status="PASS" starttime="20201022 10:41:37.085" endtime="20201022 10:41:39.086"></status>
</kw>
<kw name="Click Link" library="Selenium2Library">
<doc>Clicks a link identified by ``locator``.</doc>
<arguments>
<arg>${Link_Add}</arg>
</arguments>
<msg timestamp="20201022 10:41:39.087" level="INFO">Clicking link 'xpath=//a[contains(@class,'btn btn-success')]'.</msg>
<status status="PASS" starttime="20201022 10:41:39.087" endtime="20201022 10:41:39.489"></status>
</kw>
<kw name="Sleep" library="BuiltIn">
<doc>Pauses the test executed for the given time.</doc>
<arguments>
<arg>2s</arg>
</arguments>
<msg timestamp="20201022 10:41:41.492" level="INFO">Slept 2 seconds</msg>
<status status="PASS" starttime="20201022 10:41:39.490" endtime="20201022 10:41:41.492"></status>
</kw>
<kw name="Select From List By Value" library="Selenium2Library">
<doc>Selects options from selection list ``locator`` by ``values``.</doc>
<arguments>
<arg>select_shop_id</arg>
<arg>1</arg>
</arguments>
<msg timestamp="20201022 10:41:41.493" level="INFO">Selecting options from selection list 'select_shop_id' by value 1.</msg>
<status status="PASS" starttime="20201022 10:41:41.493" endtime="20201022 10:41:41.574"></status>
</kw>
<kw name="Click Button" library="Selenium2Library">
<doc>Clicks the button identified by ``locator``.</doc>
<arguments>
<arg>${Button_Submit}</arg>
</arguments>
<msg timestamp="20201022 10:41:41.575" level="INFO">Clicking button 'xpath=//button[@id='productUpdateButton']'.</msg>
<status status="PASS" starttime="20201022 10:41:41.575" endtime="20201022 10:41:41.662"></status>
</kw>
<kw name="Wait Until Element Is Visible" library="Selenium2Library">
<doc>Waits until the element ``locator`` is visible.</doc>
<arguments>
<arg>${Button_Yes}</arg>
</arguments>
<status status="PASS" starttime="20201022 10:41:41.663" endtime="20201022 10:41:41.699"></status>
</kw>
<kw name="Click Element" library="Selenium2Library">
<doc>Click the element identified by ``locator``.</doc>
<arguments>
<arg>${Button_Yes}</arg>
</arguments>
<msg timestamp="20201022 10:41:41.700" level="INFO">Clicking element 'xpath=//button[@class='swal2-confirm swal2-styled']'.</msg>
<status status="PASS" starttime="20201022 10:41:41.699" endtime="20201022 10:41:43.342"></status>
</kw>
<kw name="Sleep" library="BuiltIn">
<doc>Pauses the test executed for the given time.</doc>
<arguments>
<arg>2s</arg>
</arguments>
<msg timestamp="20201022 10:41:45.345" level="INFO">Slept 2 seconds</msg>
<status status="PASS" starttime="20201022 10:41:43.343" endtime="20201022 10:41:45.345"></status>
</kw>
<kw name="Wait Until Element Is Visible" library="Selenium2Library">
<doc>Waits until the element ``locator`` is visible.</doc>
<arguments>
<arg>${Link_Product}</arg>
</arguments>
<status status="PASS" starttime="20201022 10:41:45.345" endtime="20201022 10:41:45.374"></status>
</kw>
<kw name="Click Element" library="Selenium2Library">
<doc>Click the element identified by ``locator``.</doc>
<arguments>
<arg>${Link_Product}</arg>
</arguments>
<msg timestamp="20201022 10:41:45.375" level="INFO">Clicking element 'xpath=(//a[contains(@class,'nav-link ')])[6]'.</msg>
<status status="PASS" starttime="20201022 10:41:45.374" endtime="20201022 10:41:45.693"></status>
</kw>
<kw name="Sleep" library="BuiltIn">
<doc>Pauses the test executed for the given time.</doc>
<arguments>
<arg>3s</arg>
</arguments>
<msg timestamp="20201022 10:41:48.694" level="INFO">Slept 3 seconds</msg>
<status status="PASS" starttime="20201022 10:41:45.693" endtime="20201022 10:41:48.694"></status>
</kw>
<status status="PASS" starttime="20201022 10:41:33.690" endtime="20201022 10:41:48.695"></status>
</kw>
<kw name="${i} = 8" type="foritem">
<kw name="Remove String" library="String">
<doc>Removes all ``removables`` from the given ``string``.</doc>
<arguments>
<arg>${SKU[${V}]}</arg>
</arguments>
<assign>
<var>${Data_SKU}</var>
</assign>
<msg timestamp="20201022 10:41:48.696" level="INFO">${Data_SKU} = 120018296</msg>
<status status="PASS" starttime="20201022 10:41:48.695" endtime="20201022 10:41:48.696"></status>
</kw>
<kw name="Input Text" library="Selenium2Library">
<doc>Types the given ``text`` into the text field identified by ``locator``.</doc>
<arguments>
<arg>${Search}</arg>
<arg>${Data_SKU}</arg>
</arguments>
<msg timestamp="20201022 10:41:48.697" level="INFO">Typing text '120018296' into text field 'xpath=//input[@name = 'filters[sku]']'.</msg>
<status status="PASS" starttime="20201022 10:41:48.696" endtime="20201022 10:41:48.813"></status>
</kw>
<kw name="Evaluate" library="BuiltIn">
<doc>Evaluates the given expression in Python and returns the result.</doc>
<arguments>
<arg>${v}+1</arg>
</arguments>
<assign>
<var>${v}</var>
</assign>
<msg timestamp="20201022 10:41:48.815" level="INFO">${v} = 9</msg>
<status status="PASS" starttime="20201022 10:41:48.814" endtime="20201022 10:41:48.815"></status>
</kw>
<kw name="Sleep" library="BuiltIn">
<doc>Pauses the test executed for the given time.</doc>
<arguments>
<arg>2s</arg>
</arguments>
<msg timestamp="20201022 10:41:50.815" level="INFO">Slept 2 seconds</msg>
<status status="PASS" starttime="20201022 10:41:48.815" endtime="20201022 10:41:50.816"></status>
</kw>
<kw name="Click Button" library="Selenium2Library">
<doc>Clicks the button identified by ``locator``.</doc>
<arguments>
<arg>${Search_Button}</arg>
</arguments>
<msg timestamp="20201022 10:41:50.817" level="INFO">Clicking button 'xpath=//button[@type='submit']'.</msg>
<status status="PASS" starttime="20201022 10:41:50.816" endtime="20201022 10:41:51.159"></status>
</kw>
<kw name="Click Link" library="Selenium2Library">
<doc>Clicks a link identified by ``locator``.</doc>
<arguments>
<arg>${Button_Icon_Com}</arg>
</arguments>
<msg timestamp="20201022 10:41:51.161" level="INFO">Clicking link 'xpath=//a[@id='show_child_1']'.</msg>
<status status="PASS" starttime="20201022 10:41:51.160" endtime="20201022 10:41:51.494"></status>
</kw>
<kw name="Click Link" library="Selenium2Library">
<doc>Clicks a link identified by ``locator``.</doc>
<arguments>
<arg>${Button_tank}</arg>
</arguments>
<msg timestamp="20201022 10:41:51.496" level="INFO">Clicking link 'xpath=//a[@id='show_shop_1']'.</msg>
<status status="PASS" starttime="20201022 10:41:51.495" endtime="20201022 10:41:51.812"></status>
</kw>
<kw name="Sleep" library="BuiltIn">
<doc>Pauses the test executed for the given time.</doc>
<arguments>
<arg>2s</arg>
</arguments>
<msg timestamp="20201022 10:41:53.814" level="INFO">Slept 2 seconds</msg>
<status status="PASS" starttime="20201022 10:41:51.813" endtime="20201022 10:41:53.815"></status>
</kw>
<kw name="Click Link" library="Selenium2Library">
<doc>Clicks a link identified by ``locator``.</doc>
<arguments>
<arg>${Link_Add}</arg>
</arguments>
<msg timestamp="20201022 10:41:53.816" level="INFO">Clicking link 'xpath=//a[contains(@class,'btn btn-success')]'.</msg>
<status status="PASS" starttime="20201022 10:41:53.815" endtime="20201022 10:41:54.167"></status>
</kw>
<kw name="Sleep" library="BuiltIn">
<doc>Pauses the test executed for the given time.</doc>
<arguments>
<arg>2s</arg>
</arguments>
<msg timestamp="20201022 10:41:56.169" level="INFO">Slept 2 seconds</msg>
<status status="PASS" starttime="20201022 10:41:54.167" endtime="20201022 10:41:56.169"></status>
</kw>
<kw name="Select From List By Value" library="Selenium2Library">
<doc>Selects options from selection list ``locator`` by ``values``.</doc>
<arguments>
<arg>select_shop_id</arg>
<arg>1</arg>
</arguments>
<msg timestamp="20201022 10:41:56.170" level="INFO">Selecting options from selection list 'select_shop_id' by value 1.</msg>
<status status="PASS" starttime="20201022 10:41:56.170" endtime="20201022 10:41:56.253"></status>
</kw>
<kw name="Click Button" library="Selenium2Library">
<doc>Clicks the button identified by ``locator``.</doc>
<arguments>
<arg>${Button_Submit}</arg>
</arguments>
<msg timestamp="20201022 10:41:56.254" level="INFO">Clicking button 'xpath=//button[@id='productUpdateButton']'.</msg>
<status status="PASS" starttime="20201022 10:41:56.253" endtime="20201022 10:41:56.346"></status>
</kw>
<kw name="Wait Until Element Is Visible" library="Selenium2Library">
<doc>Waits until the element ``locator`` is visible.</doc>
<arguments>
<arg>${Button_Yes}</arg>
</arguments>
<status status="PASS" starttime="20201022 10:41:56.346" endtime="20201022 10:41:56.379"></status>
</kw>
<kw name="Click Element" library="Selenium2Library">
<doc>Click the element identified by ``locator``.</doc>
<arguments>
<arg>${Button_Yes}</arg>
</arguments>
<msg timestamp="20201022 10:41:56.380" level="INFO">Clicking element 'xpath=//button[@class='swal2-confirm swal2-styled']'.</msg>
<status status="PASS" starttime="20201022 10:41:56.379" endtime="20201022 10:41:58.167"></status>
</kw>
<kw name="Sleep" library="BuiltIn">
<doc>Pauses the test executed for the given time.</doc>
<arguments>
<arg>2s</arg>
</arguments>
<msg timestamp="20201022 10:42:00.169" level="INFO">Slept 2 seconds</msg>
<status status="PASS" starttime="20201022 10:41:58.168" endtime="20201022 10:42:00.169"></status>
</kw>
<kw name="Wait Until Element Is Visible" library="Selenium2Library">
<doc>Waits until the element ``locator`` is visible.</doc>
<arguments>
<arg>${Link_Product}</arg>
</arguments>
<status status="PASS" starttime="20201022 10:42:00.170" endtime="20201022 10:42:00.199"></status>
</kw>
<kw name="Click Element" library="Selenium2Library">
<doc>Click the element identified by ``locator``.</doc>
<arguments>
<arg>${Link_Product}</arg>
</arguments>
<msg timestamp="20201022 10:42:00.200" level="INFO">Clicking element 'xpath=(//a[contains(@class,'nav-link ')])[6]'.</msg>
<status status="PASS" starttime="20201022 10:42:00.199" endtime="20201022 10:42:00.655"></status>
</kw>
<kw name="Sleep" library="BuiltIn">
<doc>Pauses the test executed for the given time.</doc>
<arguments>
<arg>3s</arg>
</arguments>
<msg timestamp="20201022 10:42:03.656" level="INFO">Slept 3 seconds</msg>
<status status="PASS" starttime="20201022 10:42:00.655" endtime="20201022 10:42:03.657"></status>
</kw>
<status status="PASS" starttime="20201022 10:41:48.695" endtime="20201022 10:42:03.657"></status>
</kw>
<kw name="${i} = 9" type="foritem">
<kw name="Remove String" library="String">
<doc>Removes all ``removables`` from the given ``string``.</doc>
<arguments>
<arg>${SKU[${V}]}</arg>
</arguments>
<assign>
<var>${Data_SKU}</var>
</assign>
<msg timestamp="20201022 10:42:03.658" level="INFO">${Data_SKU} = 120018299</msg>
<status status="PASS" starttime="20201022 10:42:03.657" endtime="20201022 10:42:03.658"></status>
</kw>
<kw name="Input Text" library="Selenium2Library">
<doc>Types the given ``text`` into the text field identified by ``locator``.</doc>
<arguments>
<arg>${Search}</arg>
<arg>${Data_SKU}</arg>
</arguments>
<msg timestamp="20201022 10:42:03.659" level="INFO">Typing text '120018299' into text field 'xpath=//input[@name = 'filters[sku]']'.</msg>
<status status="PASS" starttime="20201022 10:42:03.659" endtime="20201022 10:42:03.782"></status>
</kw>
<kw name="Evaluate" library="BuiltIn">
<doc>Evaluates the given expression in Python and returns the result.</doc>
<arguments>
<arg>${v}+1</arg>
</arguments>
<assign>
<var>${v}</var>
</assign>
<msg timestamp="20201022 10:42:03.783" level="INFO">${v} = 10</msg>
<status status="PASS" starttime="20201022 10:42:03.782" endtime="20201022 10:42:03.783"></status>
</kw>
<kw name="Sleep" library="BuiltIn">
<doc>Pauses the test executed for the given time.</doc>
<arguments>
<arg>2s</arg>
</arguments>
<msg timestamp="20201022 10:42:05.784" level="INFO">Slept 2 seconds</msg>
<status status="PASS" starttime="20201022 10:42:03.783" endtime="20201022 10:42:05.785"></status>
</kw>
<kw name="Click Button" library="Selenium2Library">
<doc>Clicks the button identified by ``locator``.</doc>
<arguments>
<arg>${Search_Button}</arg>
</arguments>
<msg timestamp="20201022 10:42:05.785" level="INFO">Clicking button 'xpath=//button[@type='submit']'.</msg>
<status status="PASS" starttime="20201022 10:42:05.785" endtime="20201022 10:42:06.126"></status>
</kw>
<kw name="Click Link" library="Selenium2Library">
<doc>Clicks a link identified by ``locator``.</doc>
<arguments>
<arg>${Button_Icon_Com}</arg>
</arguments>
<msg timestamp="20201022 10:42:06.127" level="INFO">Clicking link 'xpath=//a[@id='show_child_1']'.</msg>
<status status="PASS" starttime="20201022 10:42:06.127" endtime="20201022 10:42:06.434"></status>
</kw>
<kw name="Click Link" library="Selenium2Library">
<doc>Clicks a link identified by ``locator``.</doc>
<arguments>
<arg>${Button_tank}</arg>
</arguments>
<msg timestamp="20201022 10:42:06.436" level="INFO">Clicking link 'xpath=//a[@id='show_shop_1']'.</msg>
<status status="PASS" starttime="20201022 10:42:06.435" endtime="20201022 10:42:06.743"></status>
</kw>
<kw name="Sleep" library="BuiltIn">
<doc>Pauses the test executed for the given time.</doc>
<arguments>
<arg>2s</arg>
</arguments>
<msg timestamp="20201022 10:42:08.747" level="INFO">Slept 2 seconds</msg>
<status status="PASS" starttime="20201022 10:42:06.744" endtime="20201022 10:42:08.747"></status>
</kw>
<kw name="Click Link" library="Selenium2Library">
<doc>Clicks a link identified by ``locator``.</doc>
<arguments>
<arg>${Link_Add}</arg>
</arguments>
<msg timestamp="20201022 10:42:08.748" level="INFO">Clicking link 'xpath=//a[contains(@class,'btn btn-success')]'.</msg>
<status status="PASS" starttime="20201022 10:42:08.747" endtime="20201022 10:42:09.097"></status>
</kw>
<kw name="Sleep" library="BuiltIn">
<doc>Pauses the test executed for the given time.</doc>
<arguments>
<arg>2s</arg>
</arguments>
<msg timestamp="20201022 10:42:11.099" level="INFO">Slept 2 seconds</msg>
<status status="PASS" starttime="20201022 10:42:09.098" endtime="20201022 10:42:11.099"></status>
</kw>
<kw name="Select From List By Value" library="Selenium2Library">
<doc>Selects options from selection list ``locator`` by ``values``.</doc>
<arguments>
<arg>select_shop_id</arg>
<arg>1</arg>
</arguments>
<msg timestamp="20201022 10:42:11.100" level="INFO">Selecting options from selection list 'select_shop_id' by value 1.</msg>
<status status="PASS" starttime="20201022 10:42:11.100" endtime="20201022 10:42:11.179"></status>
</kw>
<kw name="Click Button" library="Selenium2Library">
<doc>Clicks the button identified by ``locator``.</doc>
<arguments>
<arg>${Button_Submit}</arg>
</arguments>
<msg timestamp="20201022 10:42:11.180" level="INFO">Clicking button 'xpath=//button[@id='productUpdateButton']'.</msg>
<status status="PASS" starttime="20201022 10:42:11.180" endtime="20201022 10:42:11.275"></status>
</kw>
<kw name="Wait Until Element Is Visible" library="Selenium2Library">
<doc>Waits until the element ``locator`` is visible.</doc>
<arguments>
<arg>${Button_Yes}</arg>
</arguments>
<status status="PASS" starttime="20201022 10:42:11.275" endtime="20201022 10:42:11.314"></status>
</kw>
<kw name="Click Element" library="Selenium2Library">
<doc>Click the element identified by ``locator``.</doc>
<arguments>
<arg>${Button_Yes}</arg>
</arguments>
<msg timestamp="20201022 10:42:11.315" level="INFO">Clicking element 'xpath=//button[@class='swal2-confirm swal2-styled']'.</msg>
<status status="PASS" starttime="20201022 10:42:11.315" endtime="20201022 10:42:13.619"></status>
</kw>
<kw name="Sleep" library="BuiltIn">
<doc>Pauses the test executed for the given time.</doc>
<arguments>
<arg>2s</arg>
</arguments>
<msg timestamp="20201022 10:42:15.622" level="INFO">Slept 2 seconds</msg>
<status status="PASS" starttime="20201022 10:42:13.619" endtime="20201022 10:42:15.622"></status>
</kw>
<kw name="Wait Until Element Is Visible" library="Selenium2Library">
<doc>Waits until the element ``locator`` is visible.</doc>
<arguments>
<arg>${Link_Product}</arg>
</arguments>
<status status="PASS" starttime="20201022 10:42:15.622" endtime="20201022 10:42:15.651"></status>
</kw>
<kw name="Click Element" library="Selenium2Library">
<doc>Click the element identified by ``locator``.</doc>
<arguments>
<arg>${Link_Product}</arg>
</arguments>
<msg timestamp="20201022 10:42:15.652" level="INFO">Clicking element 'xpath=(//a[contains(@class,'nav-link ')])[6]'.</msg>
<status status="PASS" starttime="20201022 10:42:15.651" endtime="20201022 10:42:15.994"></status>
</kw>
<kw name="Sleep" library="BuiltIn">
<doc>Pauses the test executed for the given time.</doc>
<arguments>
<arg>3s</arg>
</arguments>
<msg timestamp="20201022 10:42:18.997" level="INFO">Slept 3 seconds</msg>
<status status="PASS" starttime="20201022 10:42:15.995" endtime="20201022 10:42:18.997"></status>
</kw>
<status status="PASS" starttime="20201022 10:42:03.657" endtime="20201022 10:42:18.997"></status>
</kw>
<kw name="${i} = 10" type="foritem">
<kw name="Remove String" library="String">
<doc>Removes all ``removables`` from the given ``string``.</doc>
<arguments>
<arg>${SKU[${V}]}</arg>
</arguments>
<assign>
<var>${Data_SKU}</var>
</assign>
<msg timestamp="20201022 10:42:19.000" level="INFO">${Data_SKU} = 120018304</msg>
<status status="PASS" starttime="20201022 10:42:18.998" endtime="20201022 10:42:19.000"></status>
</kw>
<kw name="Input Text" library="Selenium2Library">
<doc>Types the given ``text`` into the text field identified by ``locator``.</doc>
<arguments>
<arg>${Search}</arg>
<arg>${Data_SKU}</arg>
</arguments>
<msg timestamp="20201022 10:42:19.001" level="INFO">Typing text '120018304' into text field 'xpath=//input[@name = 'filters[sku]']'.</msg>
<status status="PASS" starttime="20201022 10:42:19.000" endtime="20201022 10:42:19.115"></status>
</kw>
<kw name="Evaluate" library="BuiltIn">
<doc>Evaluates the given expression in Python and returns the result.</doc>
<arguments>
<arg>${v}+1</arg>
</arguments>
<assign>
<var>${v}</var>
</assign>
<msg timestamp="20201022 10:42:19.116" level="INFO">${v} = 11</msg>
<status status="PASS" starttime="20201022 10:42:19.116" endtime="20201022 10:42:19.117"></status>
</kw>
<kw name="Sleep" library="BuiltIn">
<doc>Pauses the test executed for the given time.</doc>
<arguments>
<arg>2s</arg>
</arguments>
<msg timestamp="20201022 10:42:21.121" level="INFO">Slept 2 seconds</msg>
<status status="PASS" starttime="20201022 10:42:19.119" endtime="20201022 10:42:21.121"></status>
</kw>
<kw name="Click Button" library="Selenium2Library">
<doc>Clicks the button identified by ``locator``.</doc>
<arguments>
<arg>${Search_Button}</arg>
</arguments>
<msg timestamp="20201022 10:42:21.122" level="INFO">Clicking button 'xpath=//button[@type='submit']'.</msg>
<status status="PASS" starttime="20201022 10:42:21.122" endtime="20201022 10:42:21.479"></status>
</kw>
<kw name="Click Link" library="Selenium2Library">
<doc>Clicks a link identified by ``locator``.</doc>
<arguments>
<arg>${Button_Icon_Com}</arg>
</arguments>
<msg timestamp="20201022 10:42:21.480" level="INFO">Clicking link 'xpath=//a[@id='show_child_1']'.</msg>
<status status="PASS" starttime="20201022 10:42:21.479" endtime="20201022 10:42:21.812"></status>
</kw>
<kw name="Click Link" library="Selenium2Library">
<doc>Clicks a link identified by ``locator``.</doc>
<arguments>
<arg>${Button_tank}</arg>
</arguments>
<msg timestamp="20201022 10:42:21.814" level="INFO">Clicking link 'xpath=//a[@id='show_shop_1']'.</msg>
<status status="PASS" starttime="20201022 10:42:21.813" endtime="20201022 10:42:22.165"></status>
</kw>
<kw name="Sleep" library="BuiltIn">
<doc>Pauses the test executed for the given time.</doc>
<arguments>
<arg>2s</arg>
</arguments>
<msg timestamp="20201022 10:42:24.166" level="INFO">Slept 2 seconds</msg>
<status status="PASS" starttime="20201022 10:42:22.165" endtime="20201022 10:42:24.166"></status>
</kw>
<kw name="Click Link" library="Selenium2Library">
<doc>Clicks a link identified by ``locator``.</doc>
<arguments>
<arg>${Link_Add}</arg>
</arguments>
[...]
<doc>Types the given ``text`` into the text field identified by ``locator``.</doc>
<arguments>
<arg>${Search}</arg>
<arg>${Data_SKU}</arg>
</arguments>
<msg timestamp="20201022 10:58:52.457" level="INFO">Typing text '120025012' into text field 'xpath=//input[@name = 'filters[sku]']'.</msg>
<status status="PASS" starttime="20201022 10:58:52.455" endtime="20201022 10:58:52.578"></status>
</kw>
<kw name="Evaluate" library="BuiltIn">
<doc>Evaluates the given expression in Python and returns the result.</doc>
<arguments>
<arg>${v}+1</arg>
</arguments>
<assign>
<var>${v}</var>
</assign>
<msg timestamp="20201022 10:58:52.580" level="INFO">${v} = 73</msg>
<status status="PASS" starttime="20201022 10:58:52.579" endtime="20201022 10:58:52.580"></status>
</kw>
<kw name="Sleep" library="BuiltIn">
<doc>Pauses the test executed for the given time.</doc>
<arguments>
<arg>2s</arg>
</arguments>
<msg timestamp="20201022 10:58:54.581" level="INFO">Slept 2 seconds</msg>
<status status="PASS" starttime="20201022 10:58:52.580" endtime="20201022 10:58:54.581"></status>
</kw>
<kw name="Click Button" library="Selenium2Library">
<doc>Clicks the button identified by ``locator``.</doc>
<arguments>
<arg>${Search_Button}</arg>
</arguments>
<msg timestamp="20201022 10:58:54.582" level="INFO">Clicking button 'xpath=//button[@type='submit']'.</msg>
<status status="PASS" starttime="20201022 10:58:54.582" endtime="20201022 10:58:54.941"></status>
</kw>
<kw name="Click Link" library="Selenium2Library">
<doc>Clicks a link identified by ``locator``.</doc>
<arguments>
<arg>${Button_Icon_Com}</arg>
</arguments>
<msg timestamp="20201022 10:58:54.942" level="INFO">Clicking link 'xpath=//a[@id='show_child_1']'.</msg>
<status status="PASS" starttime="20201022 10:58:54.941" endtime="20201022 10:58:55.279"></status>
</kw>
<kw name="Click Link" library="Selenium2Library">
<doc>Clicks a link identified by ``locator``.</doc>
<arguments>
<arg>${Button_tank}</arg>
</arguments>
<msg timestamp="20201022 10:58:55.280" level="INFO">Clicking link 'xpath=//a[@id='show_shop_1']'.</msg>
<status status="PASS" starttime="20201022 10:58:55.279" endtime="20201022 10:58:55.577"></status>
</kw>
<kw name="Sleep" library="BuiltIn">
<doc>Pauses the test executed for the given time.</doc>
<arguments>
<arg>2s</arg>
</arguments>
<msg timestamp="20201022 10:58:57.578" level="INFO">Slept 2 seconds</msg>
<status status="PASS" starttime="20201022 10:58:55.578" endtime="20201022 10:58:57.579"></status>
</kw>
<kw name="Click Link" library="Selenium2Library">
<doc>Clicks a link identified by ``locator``.</doc>
<arguments>
<arg>${Link_Add}</arg>
</arguments>
<msg timestamp="20201022 10:58:57.580" level="INFO">Clicking link 'xpath=//a[contains(@class,'btn btn-success')]'.</msg>
<status status="PASS" starttime="20201022 10:58:57.579" endtime="20201022 10:58:57.966"></status>
</kw>
<kw name="Sleep" library="BuiltIn">
<doc>Pauses the test executed for the given time.</doc>
<arguments>
<arg>2s</arg>
</arguments>
<msg timestamp="20201022 10:58:59.967" level="INFO">Slept 2 seconds</msg>
<status status="PASS" starttime="20201022 10:58:57.967" endtime="20201022 10:58:59.968"></status>
</kw>
<kw name="Select From List By Value" library="Selenium2Library">
<doc>Selects options from selection list ``locator`` by ``values``.</doc>
<arguments>
<arg>select_shop_id</arg>
<arg>1</arg>
</arguments>
<msg timestamp="20201022 10:58:59.968" level="INFO">Selecting options from selection list 'select_shop_id' by value 1.</msg>
<status status="PASS" starttime="20201022 10:58:59.968" endtime="20201022 10:59:00.067"></status>
</kw>
<kw name="Click Button" library="Selenium2Library">
<doc>Clicks the button identified by ``locator``.</doc>
<arguments>
<arg>${Button_Submit}</arg>
</arguments>
<msg timestamp="20201022 10:59:00.069" level="INFO">Clicking button 'xpath=//button[@id='productUpdateButton']'.</msg>
<status status="PASS" starttime="20201022 10:59:00.068" endtime="20201022 10:59:00.180"></status>
</kw>
<kw name="Wait Until Element Is Visible" library="Selenium2Library">
<doc>Waits until the element ``locator`` is visible.</doc>
<arguments>
<arg>${Button_Yes}</arg>
</arguments>
<status status="PASS" starttime="20201022 10:59:00.181" endtime="20201022 10:59:00.212"></status>
</kw>
<kw name="Click Element" library="Selenium2Library">
<doc>Click the element identified by ``locator``.</doc>
<arguments>
<arg>${Button_Yes}</arg>
</arguments>
<msg timestamp="20201022 10:59:00.214" level="INFO">Clicking element 'xpath=//button[@class='swal2-confirm swal2-styled']'.</msg>
<status status="PASS" starttime="20201022 10:59:00.213" endtime="20201022 10:59:03.306"></status>
</kw>
<kw name="Sleep" library="BuiltIn">
<doc>Pauses the test executed for the given time.</doc>
<arguments>
<arg>2s</arg>
</arguments>
<msg timestamp="20201022 10:59:05.309" level="INFO">Slept 2 seconds</msg>
<status status="PASS" starttime="20201022 10:59:03.306" endtime="20201022 10:59:05.309"></status>
</kw>
<kw name="Wait Until Element Is Visible" library="Selenium2Library">
<doc>Waits until the element ``locator`` is visible.</doc>
<arguments>
<arg>${Link_Product}</arg>
</arguments>
<status status="PASS" starttime="20201022 10:59:05.309" endtime="20201022 10:59:05.345"></status>
</kw>
<kw name="Click Element" library="Selenium2Library">
<doc>Click the element identified by ``locator``.</doc>
<arguments>
<arg>${Link_Product}</arg>
</arguments>
<msg timestamp="20201022 10:59:05.346" level="INFO">Clicking element 'xpath=(//a[contains(@class,'nav-link ')])[6]'.</msg>
<status status="PASS" starttime="20201022 10:59:05.345" endtime="20201022 10:59:05.714"></status>
</kw>
<kw name="Sleep" library="BuiltIn">
<doc>Pauses the test executed for the given time.</doc>
<arguments>
<arg>3s</arg>
</arguments>
<msg timestamp="20201022 10:59:08.715" level="INFO">Slept 3 seconds</msg>
<status status="PASS" starttime="20201022 10:59:05.714" endtime="20201022 10:59:08.716"></status>
</kw>
<status status="PASS" starttime="20201022 10:58:52.454" endtime="20201022 10:59:08.716"></status>
</kw>
<kw name="${i} = 73" type="foritem">
<kw name="Remove String" library="String">
<doc>Removes all ``removables`` from the given ``string``.</doc>
<arguments>
<arg>${SKU[${V}]}</arg>
</arguments>
<assign>
<var>${Data_SKU}</var>
</assign>
<msg timestamp="20201022 10:59:08.717" level="INFO">${Data_SKU} = 120025013</msg>
<status status="PASS" starttime="20201022 10:59:08.716" endtime="20201022 10:59:08.717"></status>
</kw>
<kw name="Input Text" library="Selenium2Library">
<doc>Types the given ``text`` into the text field identified by ``locator``.</doc>
<arguments>
<arg>${Search}</arg>
<arg>${Data_SKU}</arg>
</arguments>
<msg timestamp="20201022 10:59:08.718" level="INFO">Typing text '120025013' into text field 'xpath=//input[@name = 'filters[sku]']'.</msg>
<status status="PASS" starttime="20201022 10:59:08.718" endtime="20201022 10:59:08.843"></status>
</kw>
<kw name="Evaluate" library="BuiltIn">
<doc>Evaluates the given expression in Python and returns the result.</doc>
<arguments>
<arg>${v}+1</arg>
</arguments>
<assign>
<var>${v}</var>
</assign>
<msg timestamp="20201022 10:59:08.845" level="INFO">${v} = 74</msg>
<status status="PASS" starttime="20201022 10:59:08.844" endtime="20201022 10:59:08.845"></status>
</kw>
<kw name="Sleep" library="BuiltIn">
<doc>Pauses the test executed for the given time.</doc>
<arguments>
<arg>2s</arg>
</arguments>
<msg timestamp="20201022 10:59:10.846" level="INFO">Slept 2 seconds</msg>
<status status="PASS" starttime="20201022 10:59:08.845" endtime="20201022 10:59:10.846"></status>
</kw>
<kw name="Click Button" library="Selenium2Library">
<doc>Clicks the button identified by ``locator``.</doc>
<arguments>
<arg>${Search_Button}</arg>
</arguments>
<msg timestamp="20201022 10:59:10.847" level="INFO">Clicking button 'xpath=//button[@type='submit']'.</msg>
<status status="PASS" starttime="20201022 10:59:10.847" endtime="20201022 10:59:11.201"></status>
</kw>
<kw name="Click Link" library="Selenium2Library">
<doc>Clicks a link identified by ``locator``.</doc>
<arguments>
<arg>${Button_Icon_Com}</arg>
</arguments>
<msg timestamp="20201022 10:59:11.203" level="INFO">Clicking link 'xpath=//a[@id='show_child_1']'.</msg>
<status status="PASS" starttime="20201022 10:59:11.202" endtime="20201022 10:59:11.588"></status>
</kw>
<kw name="Click Link" library="Selenium2Library">
<doc>Clicks a link identified by ``locator``.</doc>
<arguments>
<arg>${Button_tank}</arg>
</arguments>
<msg timestamp="20201022 10:59:11.589" level="INFO">Clicking link 'xpath=//a[@id='show_shop_1']'.</msg>
<status status="PASS" starttime="20201022 10:59:11.589" endtime="20201022 10:59:11.898"></status>
</kw>
<kw name="Sleep" library="BuiltIn">
<doc>Pauses the test executed for the given time.</doc>
<arguments>
<arg>2s</arg>
</arguments>
<msg timestamp="20201022 10:59:13.899" level="INFO">Slept 2 seconds</msg>
<status status="PASS" starttime="20201022 10:59:11.899" endtime="20201022 10:59:13.900"></status>
</kw>
<kw name="Click Link" library="Selenium2Library">
<doc>Clicks a link identified by ``locator``.</doc>
<arguments>
<arg>${Link_Add}</arg>
</arguments>
<msg timestamp="20201022 10:59:13.901" level="INFO">Clicking link 'xpath=//a[contains(@class,'btn btn-success')]'.</msg>
<status status="PASS" starttime="20201022 10:59:13.900" endtime="20201022 10:59:14.507"></status>
</kw>
<kw name="Sleep" library="BuiltIn">
<doc>Pauses the test executed for the given time.</doc>
<arguments>
<arg>2s</arg>
</arguments>
<msg timestamp="20201022 10:59:16.510" level="INFO">Slept 2 seconds</msg>
<status status="PASS" starttime="20201022 10:59:14.508" endtime="20201022 10:59:16.511"></status>
</kw>
<kw name="Select From List By Value" library="Selenium2Library">
<doc>Selects options from selection list ``locator`` by ``values``.</doc>
<arguments>
<arg>select_shop_id</arg>
<arg>1</arg>
</arguments>
<msg timestamp="20201022 10:59:16.512" level="INFO">Selecting options from selection list 'select_shop_id' by value 1.</msg>
<status status="PASS" starttime="20201022 10:59:16.511" endtime="20201022 10:59:16.672"></status>
</kw>
<kw name="Click Button" library="Selenium2Library">
<doc>Clicks the button identified by ``locator``.</doc>
<arguments>
<arg>${Button_Submit}</arg>
</arguments>
<msg timestamp="20201022 10:59:16.673" level="INFO">Clicking button 'xpath=//button[@id='productUpdateButton']'.</msg>
<status status="PASS" starttime="20201022 10:59:16.672" endtime="20201022 10:59:16.840"></status>
</kw>
<kw name="Wait Until Element Is Visible" library="Selenium2Library">
<doc>Waits until the element ``locator`` is visible.</doc>
<arguments>
<arg>${Button_Yes}</arg>
</arguments>
<status status="PASS" starttime="20201022 10:59:16.841" endtime="20201022 10:59:16.901"></status>
</kw>
<kw name="Click Element" library="Selenium2Library">
<doc>Click the element identified by ``locator``.</doc>
<arguments>
<arg>${Button_Yes}</arg>
</arguments>
<msg timestamp="20201022 10:59:16.905" level="INFO">Clicking element 'xpath=//button[@class='swal2-confirm swal2-styled']'.</msg>
<status status="PASS" starttime="20201022 10:59:16.902" endtime="20201022 10:59:19.284"></status>
</kw>
<kw name="Sleep" library="BuiltIn">
<doc>Pauses the test executed for the given time.</doc>
<arguments>
<arg>2s</arg>
</arguments>
<msg timestamp="20201022 10:59:21.286" level="INFO">Slept 2 seconds</msg>
<status status="PASS" starttime="20201022 10:59:19.284" endtime="20201022 10:59:21.286"></status>
</kw>
<kw name="Wait Until Element Is Visible" library="Selenium2Library">
<doc>Waits until the element ``locator`` is visible.</doc>
<arguments>
<arg>${Link_Product}</arg>
</arguments>
<status status="PASS" starttime="20201022 10:59:21.287" endtime="20201022 10:59:21.318"></status>
</kw>
<kw name="Click Element" library="Selenium2Library">
<doc>Click the element identified by ``locator``.</doc>
<arguments>
<arg>${Link_Product}</arg>
</arguments>
<msg timestamp="20201022 10:59:21.319" level="INFO">Clicking element 'xpath=(//a[contains(@class,'nav-link ')])[6]'.</msg>
<status status="PASS" starttime="20201022 10:59:21.319" endtime="20201022 10:59:21.675"></status>
</kw>
<kw name="Sleep" library="BuiltIn">
<doc>Pauses the test executed for the given time.</doc>
<arguments>
<arg>3s</arg>
</arguments>
<msg timestamp="20201022 10:59:24.677" level="INFO">Slept 3 seconds</msg>
<status status="PASS" starttime="20201022 10:59:21.675" endtime="20201022 10:59:24.677"></status>
</kw>
<status status="PASS" starttime="20201022 10:59:08.716" endtime="20201022 10:59:24.677"></status>
</kw>
<kw name="${i} = 74" type="foritem">
<kw name="Remove String" library="String">
<doc>Removes all ``removables`` from the given ``string``.</doc>
<arguments>
<arg>${SKU[${V}]}</arg>
</arguments>
<assign>
<var>${Data_SKU}</var>
</assign>
<msg timestamp="20201022 10:59:24.679" level="INFO">${Data_SKU} = 120025014</msg>
<status status="PASS" starttime="20201022 10:59:24.678" endtime="20201022 10:59:24.679"></status>
</kw>
<kw name="Input Text" library="Selenium2Library">
<doc>Types the given ``text`` into the text field identified by ``locator``.</doc>
<arguments>
<arg>${Search}</arg>
<arg>${Data_SKU}</arg>
</arguments>
<msg timestamp="20201022 10:59:24.681" level="INFO">Typing text '120025014' into text field 'xpath=//input[@name = 'filters[sku]']'.</msg>
<status status="PASS" starttime="20201022 10:59:24.679" endtime="20201022 10:59:24.825"></status>
</kw>
<kw name="Evaluate" library="BuiltIn">
<doc>Evaluates the given expression in Python and returns the result.</doc>
<arguments>
<arg>${v}+1</arg>
</arguments>
<assign>
<var>${v}</var>
</assign>
<msg timestamp="20201022 10:59:24.826" level="INFO">${v} = 75</msg>
<status status="PASS" starttime="20201022 10:59:24.825" endtime="20201022 10:59:24.827"></status>
</kw>
<kw name="Sleep" library="BuiltIn">
<doc>Pauses the test executed for the given time.</doc>
<arguments>
<arg>2s</arg>
</arguments>
<msg timestamp="20201022 10:59:26.829" level="INFO">Slept 2 seconds</msg>
<status status="PASS" starttime="20201022 10:59:24.827" endtime="20201022 10:59:26.829"></status>
</kw>
<kw name="Click Button" library="Selenium2Library">
<doc>Clicks the button identified by ``locator``.</doc>
<arguments>
<arg>${Search_Button}</arg>
</arguments>
<msg timestamp="20201022 10:59:26.830" level="INFO">Clicking button 'xpath=//button[@type='submit']'.</msg>
<status status="PASS" starttime="20201022 10:59:26.829" endtime="20201022 10:59:27.294"></status>
</kw>
<kw name="Click Link" library="Selenium2Library">
<doc>Clicks a link identified by ``locator``.</doc>
<arguments>
<arg>${Button_Icon_Com}</arg>
</arguments>
<msg timestamp="20201022 10:59:27.295" level="INFO">Clicking link 'xpath=//a[@id='show_child_1']'.</msg>
<status status="PASS" starttime="20201022 10:59:27.294" endtime="20201022 10:59:27.643"></status>
</kw>
<kw name="Click Link" library="Selenium2Library">
<doc>Clicks a link identified by ``locator``.</doc>
<arguments>
<arg>${Button_tank}</arg>
</arguments>
<msg timestamp="20201022 10:59:27.644" level="INFO">Clicking link 'xpath=//a[@id='show_shop_1']'.</msg>
<status status="PASS" starttime="20201022 10:59:27.643" endtime="20201022 10:59:28.098"></status>
</kw>
<kw name="Sleep" library="BuiltIn">
<doc>Pauses the test executed for the given time.</doc>
<arguments>
<arg>2s</arg>
</arguments>
<msg timestamp="20201022 10:59:30.100" level="INFO">Slept 2 seconds</msg>
<status status="PASS" starttime="20201022 10:59:28.099" endtime="20201022 10:59:30.100"></status>
</kw>
<kw name="Click Link" library="Selenium2Library">
<doc>Clicks a link identified by ``locator``.</doc>
<arguments>
<arg>${Link_Add}</arg>
</arguments>
<msg timestamp="20201022 10:59:30.101" level="INFO">Clicking link 'xpath=//a[contains(@class,'btn btn-success')]'.</msg>
<status status="PASS" starttime="20201022 10:59:30.101" endtime="20201022 10:59:30.624"></status>
</kw>
<kw name="Sleep" library="BuiltIn">
<doc>Pauses the test executed for the given time.</doc>
<arguments>
<arg>2s</arg>
</arguments>
<msg timestamp="20201022 10:59:32.626" level="INFO">Slept 2 seconds</msg>
<status status="PASS" starttime="20201022 10:59:30.625" endtime="20201022 10:59:32.627"></status>
</kw>
<kw name="Select From List By Value" library="Selenium2Library">
<doc>Selects options from selection list ``locator`` by ``values``.</doc>
<arguments>
<arg>select_shop_id</arg>
<arg>1</arg>
</arguments>
<msg timestamp="20201022 10:59:32.628" level="INFO">Selecting options from selection list 'select_shop_id' by value 1.</msg>
<status status="PASS" starttime="20201022 10:59:32.628" endtime="20201022 10:59:32.711"></status>
</kw>
<kw name="Click Button" library="Selenium2Library">
<doc>Clicks the button identified by ``locator``.</doc>
<arguments>
<arg>${Button_Submit}</arg>
</arguments>
<msg timestamp="20201022 10:59:32.712" level="INFO">Clicking button 'xpath=//button[@id='productUpdateButton']'.</msg>
<status status="PASS" starttime="20201022 10:59:32.711" endtime="20201022 10:59:32.855"></status>
</kw>
<kw name="Wait Until Element Is Visible" library="Selenium2Library">
<doc>Waits until the element ``locator`` is visible.</doc>
<arguments>
<arg>${Button_Yes}</arg>
</arguments>
<status status="PASS" starttime="20201022 10:59:32.855" endtime="20201022 10:59:32.911"></status>
</kw>
<kw name="Click Element" library="Selenium2Library">
<doc>Click the element identified by ``locator``.</doc>
<arguments>
<arg>${Button_Yes}</arg>
</arguments>
<msg timestamp="20201022 10:59:32.913" level="INFO">Clicking element 'xpath=//button[@class='swal2-confirm swal2-styled']'.</msg>
<status status="PASS" starttime="20201022 10:59:32.912" endtime="20201022 10:59:35.607"></status>
</kw>
<kw name="Sleep" library="BuiltIn">
<doc>Pauses the test executed for the given time.</doc>
<arguments>
<arg>2s</arg>
</arguments>
<msg timestamp="20201022 10:59:37.609" level="INFO">Slept 2 seconds</msg>
<status status="PASS" starttime="20201022 10:59:35.607" endtime="20201022 10:59:37.609"></status>
</kw>
<kw name="Wait Until Element Is Visible" library="Selenium2Library">
<doc>Waits until the element ``locator`` is visible.</doc>
<arguments>
<arg>${Link_Product}</arg>
</arguments>
<kw name="Capture Page Screenshot" library="Selenium2Library">
<doc>Takes a screenshot of the current page and embeds it into a log file.</doc>
<msg timestamp="20201022 10:59:43.221" level="INFO" html="yes">&lt;/td&gt;&lt;/tr&gt;&lt;tr&gt;&lt;td colspan="3"&gt;&lt;a href="selenium-screenshot-1.png"&gt;&lt;img src="selenium-screenshot-1.png" width="800px"&gt;&lt;/a&gt;</msg>
<status status="PASS" starttime="20201022 10:59:42.806" endtime="20201022 10:59:43.221"></status>
</kw>
<msg timestamp="20201022 10:59:43.228" level="FAIL">Element 'xpath=(//a[contains(@class,'nav-link ')])[6]' not visible after 5 seconds.</msg>
<status status="FAIL" starttime="20201022 10:59:37.609" endtime="20201022 10:59:43.228"></status>
</kw>
<status status="FAIL" starttime="20201022 10:59:24.678" endtime="20201022 10:59:43.228"></status>
</kw>
<status status="FAIL" starttime="20201022 10:39:42.971" endtime="20201022 10:59:43.229"></status>
</kw>
<status status="FAIL" starttime="20201022 10:39:37.957" endtime="20201022 10:59:43.229"></status>
</kw>
<doc>Testcase Name : Add Product Child Shopee | Description : เพิ่มข้อมูล Product main Shopee เข้าสู่ระบบสำเสร็จ</doc>
<status status="FAIL" starttime="20201022 10:39:22.646" endtime="20201022 10:59:43.230" critical="yes">Element 'xpath=(//a[contains(@class,'nav-link ')])[6]' not visible after 5 seconds.</status>
</test>
<doc>Test Case For Feature :: Product | Add Shop 200 Shop</doc>
<status status="FAIL" starttime="20201022 10:39:22.393" endtime="20201022 10:59:43.232"></status>
</suite>
<statistics>
<total>
<stat pass="0" fail="1">Critical Tests</stat>
<stat pass="0" fail="1">All Tests</stat>
</total>
<tag>
</tag>
<suite>
<stat pass="0" fail="1" id="s1" name="TC 001 Add Shop">TC 001 Add Shop</stat>
</suite>
</statistics>
<errors>
</errors>
</robot>
