<?xml version="1.0" encoding="UTF-8"?>
<robot generator="Robot 3.2.2 (Python 3.7.3rc1 on darwin)" generated="20201016 12:24:13.552" rpa="false">
<suite id="s1" name="TC 002 Case Add Product" source="/Users/topvalue/Desktop/AriRoot/Automate test script ariroot/Test Case For Feature Product/TC_002_Case_Add_Product.robot">
<test id="s1-t1" name="TC02_Cannel_Add_Price_Producet">
<kw name="Open WebBrowser" library="Common_Add_Product">
<kw name="Open Browser" library="Selenium2Library">
<doc>Opens a new browser instance to the optional ``url``.</doc>
<arguments>
<arg>${URL_Menue_Product}</arg>
<arg>${BROWSER_Chrome}</arg>
</arguments>
<msg timestamp="20201016 12:24:14.012" level="INFO">Opening browser 'Chrome' to base url 'http://staging-cm.airroot.asia/product'.</msg>
<status status="PASS" starttime="20201016 12:24:14.011" endtime="20201016 12:24:17.596"></status>
</kw>
<kw name="Sleep" library="BuiltIn">
<doc>Pauses the test executed for the given time.</doc>
<arguments>
<arg>2s</arg>
</arguments>
<msg timestamp="20201016 12:24:19.599" level="INFO">Slept 2 seconds</msg>
<status status="PASS" starttime="20201016 12:24:17.597" endtime="20201016 12:24:19.599"></status>
</kw>
<kw name="Maximize Browser Window" library="Selenium2Library">
<doc>Maximizes current browser window.</doc>
<status status="PASS" starttime="20201016 12:24:19.600" endtime="20201016 12:24:19.791"></status>
</kw>
<status status="PASS" starttime="20201016 12:24:14.011" endtime="20201016 12:24:19.791"></status>
</kw>
<kw name="Login with Email and Password" library="Common_Add_Product">
<arguments>
<arg>${username_ariroot}</arg>
<arg>${password_airroot}</arg>
</arguments>
<kw name="Wait Until Element Is Visible" library="Selenium2Library">
<doc>Waits until the element ``locator`` is visible.</doc>
<arguments>
<arg>${locator_Username}</arg>
<arg>3s</arg>
</arguments>
<status status="PASS" starttime="20201016 12:24:19.794" endtime="20201016 12:24:19.828"></status>
</kw>
<kw name="Input Text" library="Selenium2Library">
<doc>Types the given ``text`` into the text field identified by ``locator``.</doc>
<arguments>
<arg>${locator_Username}</arg>
<arg>${username_ariroot}</arg>
</arguments>
<msg timestamp="20201016 12:24:19.828" level="INFO">Typing text 'maxnumtest12@gmail.com' into text field 'xpath=//input[@type = 'email']'.</msg>
<status status="PASS" starttime="20201016 12:24:19.828" endtime="20201016 12:24:20.130"></status>
</kw>
<kw name="Input Text" library="Selenium2Library">
<doc>Types the given ``text`` into the text field identified by ``locator``.</doc>
<arguments>
<arg>${locator_Password}</arg>
<arg>${password_airroot}</arg>
</arguments>
<msg timestamp="20201016 12:24:20.131" level="INFO">Typing text 'maxnum123' into text field 'xpath=//input[@type = 'password']'.</msg>
<status status="PASS" starttime="20201016 12:24:20.130" endtime="20201016 12:24:20.335"></status>
</kw>
<kw name="Click Element" library="Selenium2Library">
<doc>Click the element identified by ``locator``.</doc>
<arguments>
<arg>${button_login}</arg>
</arguments>
<msg timestamp="20201016 12:24:20.337" level="INFO">Clicking element 'xpath=//button[@type = 'submit']'.</msg>
<status status="PASS" starttime="20201016 12:24:20.336" endtime="20201016 12:24:21.340"></status>
</kw>
<kw name="Sleep" library="BuiltIn">
<doc>Pauses the test executed for the given time.</doc>
<arguments>
<arg>3s</arg>
</arguments>
<msg timestamp="20201016 12:24:24.342" level="INFO">Slept 3 seconds</msg>
<status status="PASS" starttime="20201016 12:24:21.341" endtime="20201016 12:24:24.343"></status>
</kw>
<kw name="Run Keyword And Return Status" library="BuiltIn">
<doc>Runs the given keyword with given arguments and returns the status as a Boolean value.</doc>
<arguments>
<arg>Wait Until Page Contains</arg>
<arg>AirRoot</arg>
<arg>3s</arg>
</arguments>
<assign>
<var>${Clicked}</var>
</assign>
<kw name="Wait Until Page Contains" library="Selenium2Library">
<doc>Waits until ``text`` appears on the current page.</doc>
<arguments>
<arg>AirRoot</arg>
<arg>3s</arg>
</arguments>
<status status="PASS" starttime="20201016 12:24:24.345" endtime="20201016 12:24:24.366"></status>
</kw>
<msg timestamp="20201016 12:24:24.366" level="INFO">${Clicked} = True</msg>
<status status="PASS" starttime="20201016 12:24:24.344" endtime="20201016 12:24:24.366"></status>
</kw>
<kw name="Run Keyword If" library="BuiltIn">
<doc>Runs the given keyword with the given arguments, if ``condition`` is true.</doc>
<arguments>
<arg>'${Clicked}' == 'True'</arg>
<arg>Log</arg>
<arg>Passed, Login Web Success.</arg>
<arg>ELSE</arg>
<arg>Fail</arg>
<arg>Failed, Login Web Not Success.</arg>
</arguments>
<kw name="Log" library="BuiltIn">
<doc>Logs the given message with the given level.</doc>
<arguments>
<arg>Passed, Login Web Success.</arg>
</arguments>
<msg timestamp="20201016 12:24:24.369" level="INFO">Passed, Login Web Success.</msg>
<status status="PASS" starttime="20201016 12:24:24.368" endtime="20201016 12:24:24.369"></status>
</kw>
<status status="PASS" starttime="20201016 12:24:24.367" endtime="20201016 12:24:24.369"></status>
</kw>
<kw name="Sleep" library="BuiltIn">
<doc>Pauses the test executed for the given time.</doc>
<arguments>
<arg>5s</arg>
</arguments>
<msg timestamp="20201016 12:24:29.371" level="INFO">Slept 5 seconds</msg>
<status status="PASS" starttime="20201016 12:24:24.369" endtime="20201016 12:24:29.371"></status>
</kw>
<status status="PASS" starttime="20201016 12:24:19.792" endtime="20201016 12:24:29.371"></status>
</kw>
<kw name="Cannel_Add_Price" library="Common_Add_Product">
<kw name="${i} IN RANGE [ 1 ]" type="for">
<kw name="${i} = 0" type="foritem">
<kw name="Input Text" library="Selenium2Library">
<doc>Types the given ``text`` into the text field identified by ``locator``.</doc>
<arguments>
<arg>${locator_Search_SKU}</arg>
<arg>120025519</arg>
</arguments>
<msg timestamp="20201016 12:24:29.373" level="INFO">Typing text '120025519' into text field 'xpath=//input[@name = 'filters[sku]']'.</msg>
<status status="PASS" starttime="20201016 12:24:29.373" endtime="20201016 12:24:29.497"></status>
</kw>
<kw name="Click Element" library="Selenium2Library">
<doc>Click the element identified by ``locator``.</doc>
<arguments>
<arg>${button_search}</arg>
</arguments>
<msg timestamp="20201016 12:24:29.498" level="INFO">Clicking element 'xpath=//button[@type = 'submit']'.</msg>
<status status="PASS" starttime="20201016 12:24:29.498" endtime="20201016 12:24:29.768"></status>
</kw>
<kw name="Sleep" library="BuiltIn">
<doc>Pauses the test executed for the given time.</doc>
<arguments>
<arg>3s</arg>
</arguments>
<msg timestamp="20201016 12:24:32.770" level="INFO">Slept 3 seconds</msg>
<status status="PASS" starttime="20201016 12:24:29.768" endtime="20201016 12:24:32.770"></status>
</kw>
<kw name="Click Link" library="Selenium2Library">
<doc>Clicks a link identified by ``locator``.</doc>
<arguments>
<arg>show_child_178</arg>
</arguments>
<msg timestamp="20201016 12:24:32.771" level="INFO">Clicking link 'show_child_178'.</msg>
<status status="PASS" starttime="20201016 12:24:32.770" endtime="20201016 12:24:33.053"></status>
</kw>
<kw name="Click Link" library="Selenium2Library">
<doc>Clicks a link identified by ``locator``.</doc>
<arguments>
<arg>show_shop_1</arg>
</arguments>
<msg timestamp="20201016 12:24:33.054" level="INFO">Clicking link 'show_shop_1'.</msg>
<status status="PASS" starttime="20201016 12:24:33.053" endtime="20201016 12:24:33.417"></status>
</kw>
<kw name="Click Link" library="Selenium2Library">
<doc>Clicks a link identified by ``locator``.</doc>
<arguments>
<arg>${add_link}</arg>
</arguments>
<msg timestamp="20201016 12:24:33.418" level="INFO">Clicking link 'Add'.</msg>
<status status="PASS" starttime="20201016 12:24:33.418" endtime="20201016 12:24:33.817"></status>
</kw>
<kw name="Select From List By Value" library="Selenium2Library">
<doc>Selects options from selection list ``locator`` by ``values``.</doc>
<arguments>
<arg>${Drop_Down_Add}</arg>
<arg>${Value_Drop_Down_Shop}</arg>
</arguments>
<msg timestamp="20201016 12:24:33.820" level="INFO">Selecting options from selection list 'xpath=//select[@id='select_shop_id']' by value 2.</msg>
<status status="PASS" starttime="20201016 12:24:33.819" endtime="20201016 12:24:33.941"></status>
</kw>
<kw name="Input Text" library="Selenium2Library">
<doc>Types the given ``text`` into the text field identified by ``locator``.</doc>
<arguments>
<arg>price</arg>
<arg>4500</arg>
</arguments>
<msg timestamp="20201016 12:24:33.942" level="INFO">Typing text '4500' into text field 'price'.</msg>
<status status="PASS" starttime="20201016 12:24:33.941" endtime="20201016 12:24:34.077"></status>
</kw>
<kw name="Sleep" library="BuiltIn">
<doc>Pauses the test executed for the given time.</doc>
<arguments>
<arg>3s</arg>
</arguments>
<msg timestamp="20201016 12:24:37.080" level="INFO">Slept 3 seconds</msg>
<status status="PASS" starttime="20201016 12:24:34.078" endtime="20201016 12:24:37.080"></status>
</kw>
<kw name="Click Element" library="Selenium2Library">
<doc>Click the element identified by ``locator``.</doc>
<arguments>
<arg>${Button_Submit}</arg>
</arguments>
<msg timestamp="20201016 12:24:37.081" level="INFO">Clicking element 'xpath=//button[@id='productUpdateButton']'.</msg>
<status status="PASS" starttime="20201016 12:24:37.080" endtime="20201016 12:24:37.186"></status>
</kw>
<kw name="Click Element" library="Selenium2Library">
<doc>Click the element identified by ``locator``.</doc>
<arguments>
<arg>${button_Cancel}</arg>
</arguments>
<msg timestamp="20201016 12:24:37.187" level="INFO">Clicking element 'xpath=//button[@class='swal2-cancel swal2-styled']'.</msg>
<status status="PASS" starttime="20201016 12:24:37.186" endtime="20201016 12:24:37.273"></status>
</kw>
<kw name="Sleep" library="BuiltIn">
<doc>Pauses the test executed for the given time.</doc>
<arguments>
<arg>3s</arg>
</arguments>
<msg timestamp="20201016 12:24:40.274" level="INFO">Slept 3 seconds</msg>
<status status="PASS" starttime="20201016 12:24:37.274" endtime="20201016 12:24:40.275"></status>
</kw>
<status status="PASS" starttime="20201016 12:24:29.373" endtime="20201016 12:24:40.275"></status>
</kw>
<status status="PASS" starttime="20201016 12:24:29.372" endtime="20201016 12:24:40.275"></status>
</kw>
<status status="PASS" starttime="20201016 12:24:29.372" endtime="20201016 12:24:40.275"></status>
</kw>
<kw name="Close All Browsers" library="Selenium2Library">
<doc>Closes all open browsers and resets the browser cache.</doc>
<status status="PASS" starttime="20201016 12:24:40.276" endtime="20201016 12:24:40.399"></status>
</kw>
<doc>Testcase Name : ทดสอบกรณีการทำงาน Add Product Feature:: Product | Description : ยกเลิกการเพิ่มราคา Product</doc>
<status status="PASS" starttime="20201016 12:24:14.008" endtime="20201016 12:24:40.400" critical="yes"></status>
</test>
<doc>Test Case For Feature :: Product | Add Product Feature:: Product</doc>
<status status="PASS" starttime="20201016 12:24:13.556" endtime="20201016 12:24:40.403"></status>
</suite>
<statistics>
<total>
<stat pass="1" fail="0">Critical Tests</stat>
<stat pass="1" fail="0">All Tests</stat>
</total>
<tag>
</tag>
<suite>
<stat pass="1" fail="0" id="s1" name="TC 002 Case Add Product">TC 002 Case Add Product</stat>
</suite>
</statistics>
<errors>
</errors>
</robot>
