<?xml version="1.0" encoding="UTF-8"?>
<robot generator="Robot 3.2.2 (Python 3.7.3rc1 on darwin)" generated="20201010 10:35:30.036" rpa="false">
<suite id="s1" name="TC001 Case  Search" source="/Users/topvalue/Desktop/AriAoot/Automate test script ariroot/Test Case For Feature Product/TC001_Case_ Search.robot">
<test id="s1-t1" name="TC005_Search DropDown:: E-Bay">
<kw name="Open WebBrowser" library="Common">
<kw name="Open Browser" library="Selenium2Library">
<doc>Opens a new browser instance to the optional ``url``.</doc>
<arguments>
<arg>${URL_Menue_Product}</arg>
<arg>${BROWSER_Chrome}</arg>
</arguments>
<msg timestamp="20201010 10:35:31.006" level="INFO">Opening browser 'Chrome' to base url 'http://staging-cm.airroot.asia/product'.</msg>
<status status="PASS" starttime="20201010 10:35:31.005" endtime="20201010 10:35:34.267"></status>
</kw>
<kw name="Sleep" library="BuiltIn">
<doc>Pauses the test executed for the given time.</doc>
<arguments>
<arg>2s</arg>
</arguments>
<msg timestamp="20201010 10:35:36.268" level="INFO">Slept 2 seconds</msg>
<status status="PASS" starttime="20201010 10:35:34.267" endtime="20201010 10:35:36.268"></status>
</kw>
<kw name="Maximize Browser Window" library="Selenium2Library">
<doc>Maximizes current browser window.</doc>
<status status="PASS" starttime="20201010 10:35:36.269" endtime="20201010 10:35:36.419"></status>
</kw>
<status status="PASS" starttime="20201010 10:35:31.004" endtime="20201010 10:35:36.419"></status>
</kw>
<kw name="Login with Email and Password" library="Common">
<arguments>
<arg>${username_ariroot}</arg>
<arg>${password_airroot}</arg>
</arguments>
<kw name="Wait Until Element Is Visible" library="Selenium2Library">
<doc>Waits until the element ``locator`` is visible.</doc>
<arguments>
<arg>${locator_Username}</arg>
<arg>3s</arg>
</arguments>
<status status="PASS" starttime="20201010 10:35:36.422" endtime="20201010 10:35:36.469"></status>
</kw>
<kw name="Input Text" library="Selenium2Library">
<doc>Types the given ``text`` into the text field identified by ``locator``.</doc>
<arguments>
<arg>${locator_Username}</arg>
<arg>${username_ariroot}</arg>
</arguments>
<msg timestamp="20201010 10:35:36.470" level="INFO">Typing text 'maxnumtest12@gmail.com' into text field 'xpath=//input[@type = 'email']'.</msg>
<status status="PASS" starttime="20201010 10:35:36.470" endtime="20201010 10:35:36.675"></status>
</kw>
<kw name="Input Text" library="Selenium2Library">
<doc>Types the given ``text`` into the text field identified by ``locator``.</doc>
<arguments>
<arg>${locator_Password}</arg>
<arg>${password_airroot}</arg>
</arguments>
<msg timestamp="20201010 10:35:36.675" level="INFO">Typing text 'maxnum123' into text field 'xpath=//input[@type = 'password']'.</msg>
<status status="PASS" starttime="20201010 10:35:36.675" endtime="20201010 10:35:36.806"></status>
</kw>
<kw name="Click Element" library="Selenium2Library">
<doc>Click the element identified by ``locator``.</doc>
<arguments>
<arg>${button_login}</arg>
</arguments>
<msg timestamp="20201010 10:35:36.807" level="INFO">Clicking element 'xpath=//button[@type = 'submit']'.</msg>
<status status="PASS" starttime="20201010 10:35:36.807" endtime="20201010 10:35:37.456"></status>
</kw>
<kw name="Sleep" library="BuiltIn">
<doc>Pauses the test executed for the given time.</doc>
<arguments>
<arg>3s</arg>
</arguments>
<msg timestamp="20201010 10:35:40.457" level="INFO">Slept 3 seconds</msg>
<status status="PASS" starttime="20201010 10:35:37.456" endtime="20201010 10:35:40.457"></status>
</kw>
<kw name="Run Keyword And Return Status" library="BuiltIn">
<doc>Runs the given keyword with given arguments and returns the status as a Boolean value.</doc>
<arguments>
<arg>Wait Until Page Contains</arg>
<arg>AirRoot</arg>
<arg>3s</arg>
</arguments>
<assign>
<var>${Clicked}</var>
</assign>
<kw name="Wait Until Page Contains" library="Selenium2Library">
<doc>Waits until ``text`` appears on the current page.</doc>
<arguments>
<arg>AirRoot</arg>
<arg>3s</arg>
</arguments>
<status status="PASS" starttime="20201010 10:35:40.459" endtime="20201010 10:35:40.472"></status>
</kw>
<msg timestamp="20201010 10:35:40.472" level="INFO">${Clicked} = True</msg>
<status status="PASS" starttime="20201010 10:35:40.458" endtime="20201010 10:35:40.472"></status>
</kw>
<kw name="Run Keyword If" library="BuiltIn">
<doc>Runs the given keyword with the given arguments, if ``condition`` is true.</doc>
<arguments>
<arg>'${Clicked}' == 'True'</arg>
<arg>Log</arg>
<arg>Passed, Login Web Success.</arg>
<arg>ELSE</arg>
<arg>Fail</arg>
<arg>Failed, Login Web Not Success.</arg>
</arguments>
<kw name="Log" library="BuiltIn">
<doc>Logs the given message with the given level.</doc>
<arguments>
<arg>Passed, Login Web Success.</arg>
</arguments>
<msg timestamp="20201010 10:35:40.473" level="INFO">Passed, Login Web Success.</msg>
<status status="PASS" starttime="20201010 10:35:40.473" endtime="20201010 10:35:40.473"></status>
</kw>
<status status="PASS" starttime="20201010 10:35:40.472" endtime="20201010 10:35:40.473"></status>
</kw>
<kw name="Sleep" library="BuiltIn">
<doc>Pauses the test executed for the given time.</doc>
<arguments>
<arg>5s</arg>
</arguments>
<msg timestamp="20201010 10:35:45.474" level="INFO">Slept 5 seconds</msg>
<status status="PASS" starttime="20201010 10:35:40.473" endtime="20201010 10:35:45.474"></status>
</kw>
<status status="PASS" starttime="20201010 10:35:36.421" endtime="20201010 10:35:45.475"></status>
</kw>
<kw name="Search DropDown:: E-Bay" library="Common">
<kw name="Select From List By Label" library="Selenium2Library">
<doc>Selects options from selection list ``locator`` by ``labels``.</doc>
<arguments>
<arg>filters[partner_code]</arg>
<arg>001 - E-Bay</arg>
</arguments>
<msg timestamp="20201010 10:35:45.476" level="INFO">Selecting options from selection list 'filters[partner_code]' by label 001 - E-Bay.</msg>
<status status="PASS" starttime="20201010 10:35:45.476" endtime="20201010 10:35:45.553"></status>
</kw>
<kw name="Click Element" library="Selenium2Library">
<doc>Click the element identified by ``locator``.</doc>
<arguments>
<arg>${button_search}</arg>
</arguments>
<msg timestamp="20201010 10:35:45.554" level="INFO">Clicking element 'xpath=//button[@type = 'submit']'.</msg>
<status status="PASS" starttime="20201010 10:35:45.553" endtime="20201010 10:35:45.980"></status>
</kw>
<kw name="Capture Page Screenshot" library="Selenium2Library">
<doc>Takes a screenshot of the current page and embeds it into a log file.</doc>
<msg timestamp="20201010 10:35:46.805" level="INFO" html="yes">&lt;/td&gt;&lt;/tr&gt;&lt;tr&gt;&lt;td colspan="3"&gt;&lt;a href="selenium-screenshot-2.png"&gt;&lt;img src="selenium-screenshot-2.png" width="800px"&gt;&lt;/a&gt;</msg>
<status status="PASS" starttime="20201010 10:35:45.980" endtime="20201010 10:35:46.805"></status>
</kw>
<kw name="Sleep" library="BuiltIn">
<doc>Pauses the test executed for the given time.</doc>
<arguments>
<arg>10s</arg>
</arguments>
<msg timestamp="20201010 10:35:56.807" level="INFO">Slept 10 seconds</msg>
<status status="PASS" starttime="20201010 10:35:46.806" endtime="20201010 10:35:56.807"></status>
</kw>
<status status="PASS" starttime="20201010 10:35:45.475" endtime="20201010 10:35:56.808"></status>
</kw>
<kw name="Close All Browsers" library="Selenium2Library">
<doc>Closes all open browsers and resets the browser cache.</doc>
<status status="PASS" starttime="20201010 10:35:56.808" endtime="20201010 10:35:56.900"></status>
</kw>
<doc>Testcase Name : 1.ทดสอบกรณี Search ในหน้า Product เลือก DropDown:: Show All</doc>
<status status="PASS" starttime="20201010 10:35:31.001" endtime="20201010 10:35:56.901" critical="yes"></status>
</test>
<doc>Test Case For Feature :: Product | Serach Product</doc>
<status status="PASS" starttime="20201010 10:35:30.039" endtime="20201010 10:35:56.905"></status>
</suite>
<statistics>
<total>
<stat pass="1" fail="0">Critical Tests</stat>
<stat pass="1" fail="0">All Tests</stat>
</total>
<tag>
</tag>
<suite>
<stat pass="1" fail="0" id="s1" name="TC001 Case  Search">TC001 Case  Search</stat>
</suite>
</statistics>
<errors>
</errors>
</robot>
